<?xml version="1.0" encoding="UTF-8"?>
<robot generator="Robot 4.1.2 (Python 3.10.0 on win32)" generated="20211123 21:22:12.578" rpa="false" schemaversion="2">
<suite id="s1" name="TestSitePracticeBDD" source="C:\Users\Alex\RobotFramework\TestSitePracticeSuite\tests\TestSitePracticeBDD.robot">
<test id="s1-t1" name="Scenario 01: Search existent product">
<kw name="Open Website" library="Resource" type="SETUP">
<kw name="Open Browser" library="SeleniumLibrary">
<arg>about:blank</arg>
<arg>chrome</arg>
<doc>Opens a new browser instance to the optional ``url``.</doc>
<msg timestamp="20211123 21:22:12.841" level="INFO">Opening browser 'chrome' to base url 'about:blank'.</msg>
<status status="PASS" starttime="20211123 21:22:12.841" endtime="20211123 21:22:14.069"/>
</kw>
<status status="PASS" starttime="20211123 21:22:12.841" endtime="20211123 21:22:14.069"/>
</kw>
<kw name="Given then I'm in the website homepage">
<kw name="Access the website homepage" library="Resource">
<kw name="Go To" library="SeleniumLibrary">
<arg>http://automationpractice.com</arg>
<doc>Navigates the current browser window to the provided ``url``.</doc>
<msg timestamp="20211123 21:22:14.071" level="INFO">Opening url 'http://automationpractice.com'</msg>
<status status="PASS" starttime="20211123 21:22:14.071" endtime="20211123 21:22:19.922"/>
</kw>
<kw name="Title Should Be" library="SeleniumLibrary">
<arg>My Store</arg>
<doc>Verifies that the current page title equals ``title``.</doc>
<msg timestamp="20211123 21:22:19.930" level="INFO">Page title is 'My Store'.</msg>
<status status="PASS" starttime="20211123 21:22:19.922" endtime="20211123 21:22:19.930"/>
</kw>
<status status="PASS" starttime="20211123 21:22:14.070" endtime="20211123 21:22:19.930"/>
</kw>
<status status="PASS" starttime="20211123 21:22:14.070" endtime="20211123 21:22:19.930"/>
</kw>
<kw name="When I search for the product &quot;Blouse&quot;" sourcename="When I search for the product &quot;${EXISTENT_PRODUCT}&quot;">
<kw name="Type the name of the product &quot;${EXISTENT_PRODUCT}&quot; in the search field" library="Resource" sourcename="Type the name of the product &quot;${EXISTENT_PRODUCT}&quot; in the search field">
<kw name="Input Text" library="SeleniumLibrary">
<arg>id=search_query_top</arg>
<arg>${EXISTENT_PRODUCT}</arg>
<doc>Types the given ``text`` into the text field identified by ``locator``.</doc>
<msg timestamp="20211123 21:22:19.932" level="INFO">Typing text 'Blouse' into text field 'id=search_query_top'.</msg>
<status status="PASS" starttime="20211123 21:22:19.932" endtime="20211123 21:22:20.038"/>
</kw>
<status status="PASS" starttime="20211123 21:22:19.931" endtime="20211123 21:22:20.038"/>
</kw>
<kw name="Click on search button" library="Resource">
<kw name="Click Element" library="SeleniumLibrary">
<arg>name=submit_search</arg>
<doc>Click the element identified by ``locator``.</doc>
<msg timestamp="20211123 21:22:20.039" level="INFO">Clicking element 'name=submit_search'.</msg>
<status status="PASS" starttime="20211123 21:22:20.038" endtime="20211123 21:22:21.636"/>
</kw>
<status status="PASS" starttime="20211123 21:22:20.038" endtime="20211123 21:22:21.636"/>
</kw>
<status status="PASS" starttime="20211123 21:22:19.931" endtime="20211123 21:22:21.637"/>
</kw>
<kw name="Then the product &quot;Blouse&quot; should be listed" sourcename="Then the product &quot;${EXISTENT_PRODUCT}&quot; should be listed">
<kw name="Check if the product &quot;Blouse&quot; was returned in the list" library="Resource">
<kw name="Wait Until Element Is Visible" library="SeleniumLibrary">
<arg>css=h1.product-listing</arg>
<doc>Waits until the element ``locator`` is visible.</doc>
<status status="PASS" starttime="20211123 21:22:21.638" endtime="20211123 21:22:21.666"/>
</kw>
<kw name="Title Should Be" library="SeleniumLibrary">
<arg>Search - My Store</arg>
<doc>Verifies that the current page title equals ``title``.</doc>
<msg timestamp="20211123 21:22:21.671" level="INFO">Page title is 'Search - My Store'.</msg>
<status status="PASS" starttime="20211123 21:22:21.666" endtime="20211123 21:22:21.671"/>
</kw>
<kw name="Element Text Should Be" library="SeleniumLibrary">
<arg>xpath=//div/h5/a[@title='Blouse']</arg>
<arg>${EXISTENT_PRODUCT}</arg>
<doc>Verifies that element ``locator`` contains exact the text ``expected``.</doc>
<msg timestamp="20211123 21:22:21.671" level="INFO">Verifying element 'xpath=//div/h5/a[@title='Blouse']' contains exact text 'Blouse'.</msg>
<status status="PASS" starttime="20211123 21:22:21.671" endtime="20211123 21:22:21.697"/>
</kw>
<status status="PASS" starttime="20211123 21:22:21.638" endtime="20211123 21:22:21.697"/>
</kw>
<status status="PASS" starttime="20211123 21:22:21.637" endtime="20211123 21:22:21.697"/>
</kw>
<kw name="Close Website" library="Resource" type="TEARDOWN">
<kw name="Close Browser" library="SeleniumLibrary">
<doc>Closes the current browser.</doc>
<status status="PASS" starttime="20211123 21:22:21.698" endtime="20211123 21:22:23.878"/>
</kw>
<status status="PASS" starttime="20211123 21:22:21.698" endtime="20211123 21:22:23.878"/>
</kw>
<status status="PASS" starttime="20211123 21:22:12.840" endtime="20211123 21:22:23.879"/>
</test>
<test id="s1-t2" name="Scenario 02: Search inexistent product">
<kw name="Open Website" library="Resource" type="SETUP">
<kw name="Open Browser" library="SeleniumLibrary">
<arg>about:blank</arg>
<arg>chrome</arg>
<doc>Opens a new browser instance to the optional ``url``.</doc>
<msg timestamp="20211123 21:22:23.882" level="INFO">Opening browser 'chrome' to base url 'about:blank'.</msg>
<status status="PASS" starttime="20211123 21:22:23.882" endtime="20211123 21:22:25.046"/>
</kw>
<status status="PASS" starttime="20211123 21:22:23.882" endtime="20211123 21:22:25.046"/>
</kw>
<kw name="Given then I'm in the website homepage">
<kw name="Access the website homepage" library="Resource">
<kw name="Go To" library="SeleniumLibrary">
<arg>http://automationpractice.com</arg>
<doc>Navigates the current browser window to the provided ``url``.</doc>
<msg timestamp="20211123 21:22:25.047" level="INFO">Opening url 'http://automationpractice.com'</msg>
<status status="PASS" starttime="20211123 21:22:25.047" endtime="20211123 21:22:31.547"/>
</kw>
<kw name="Title Should Be" library="SeleniumLibrary">
<arg>My Store</arg>
<doc>Verifies that the current page title equals ``title``.</doc>
<msg timestamp="20211123 21:22:31.555" level="INFO">Page title is 'My Store'.</msg>
<status status="PASS" starttime="20211123 21:22:31.547" endtime="20211123 21:22:31.555"/>
</kw>
<status status="PASS" starttime="20211123 21:22:25.047" endtime="20211123 21:22:31.556"/>
</kw>
<status status="PASS" starttime="20211123 21:22:25.046" endtime="20211123 21:22:31.556"/>
</kw>
<kw name="When I search for the product &quot;Whatever&quot;" sourcename="When I search for the product &quot;${EXISTENT_PRODUCT}&quot;">
<kw name="Type the name of the product &quot;${EXISTENT_PRODUCT}&quot; in the search field" library="Resource" sourcename="Type the name of the product &quot;${EXISTENT_PRODUCT}&quot; in the search field">
<kw name="Input Text" library="SeleniumLibrary">
<arg>id=search_query_top</arg>
<arg>${EXISTENT_PRODUCT}</arg>
<doc>Types the given ``text`` into the text field identified by ``locator``.</doc>
<msg timestamp="20211123 21:22:31.558" level="INFO">Typing text 'Whatever' into text field 'id=search_query_top'.</msg>
<status status="PASS" starttime="20211123 21:22:31.558" endtime="20211123 21:22:31.685"/>
</kw>
<status status="PASS" starttime="20211123 21:22:31.557" endtime="20211123 21:22:31.685"/>
</kw>
<kw name="Click on search button" library="Resource">
<kw name="Click Element" library="SeleniumLibrary">
<arg>name=submit_search</arg>
<doc>Click the element identified by ``locator``.</doc>
<msg timestamp="20211123 21:22:31.686" level="INFO">Clicking element 'name=submit_search'.</msg>
<status status="PASS" starttime="20211123 21:22:31.686" endtime="20211123 21:22:33.188"/>
</kw>
<status status="PASS" starttime="20211123 21:22:31.685" endtime="20211123 21:22:33.188"/>
</kw>
<status status="PASS" starttime="20211123 21:22:31.556" endtime="20211123 21:22:33.189"/>
</kw>
<kw name="Then the error message &quot;No results were found for your search &quot;Whatever&quot;&quot; should be returned">
<kw name="Check if the error message &quot;No results were found for your search &quot;${INEXISTENT_PRODUCT}&quot; was returned" library="Resource" sourcename="Check if the error message &quot;No results were found for your search &quot;${INEXISTENT_PRODUCT}&quot; was returned">
<kw name="Element Text Should Be" library="SeleniumLibrary">
<arg>css=p.alert.alert-warning</arg>
<arg>No results were found for your search "${INEXISTENT_PRODUCT}"</arg>
<doc>Verifies that element ``locator`` contains exact the text ``expected``.</doc>
<msg timestamp="20211123 21:22:33.190" level="INFO">Verifying element 'css=p.alert.alert-warning' contains exact text 'No results were found for your search "Whatever"'.</msg>
<status status="PASS" starttime="20211123 21:22:33.190" endtime="20211123 21:22:33.214"/>
</kw>
<status status="PASS" starttime="20211123 21:22:33.190" endtime="20211123 21:22:33.214"/>
</kw>
<status status="PASS" starttime="20211123 21:22:33.189" endtime="20211123 21:22:33.214"/>
</kw>
<kw name="Close Website" library="Resource" type="TEARDOWN">
<kw name="Close Browser" library="SeleniumLibrary">
<doc>Closes the current browser.</doc>
<status status="PASS" starttime="20211123 21:22:33.215" endtime="20211123 21:22:35.392"/>
</kw>
<status status="PASS" starttime="20211123 21:22:33.215" endtime="20211123 21:22:35.392"/>
</kw>
<status status="PASS" starttime="20211123 21:22:23.881" endtime="20211123 21:22:35.393"/>
</test>
<status status="PASS" starttime="20211123 21:22:12.580" endtime="20211123 21:22:35.396"/>
</suite>
<statistics>
<total>
<stat pass="2" fail="0" skip="0">All Tests</stat>
</total>
<tag>
</tag>
<suite>
<stat pass="2" fail="0" skip="0" id="s1" name="TestSitePracticeBDD">TestSitePracticeBDD</stat>
</suite>
</statistics>
<errors>
</errors>
</robot>
