<?xml version="1.0" encoding="UTF-8"?>
<robot generator="Robot 4.1.2 (Python 3.10.0 on win32)" generated="20211125 09:18:31.322" rpa="false" schemaversion="2">
<suite id="s1" name="TestSitePracticeBDD" source="C:\Users\Alex\RobotFramework\TestSitePracticeSuite\tests\TestSitePracticeBDD.robot">
<test id="s1-t1" name="Scenario 06: Add client">
<kw name="Open Website" library="Resource" type="SETUP">
<kw name="Open Browser" library="SeleniumLibrary">
<arg>about:blank</arg>
<arg>chrome</arg>
<doc>Opens a new browser instance to the optional ``url``.</doc>
<msg timestamp="20211125 09:18:31.598" level="INFO">Opening browser 'chrome' to base url 'about:blank'.</msg>
<status status="PASS" starttime="20211125 09:18:31.598" endtime="20211125 09:18:32.812"/>
</kw>
<status status="PASS" starttime="20211125 09:18:31.597" endtime="20211125 09:18:32.812"/>
</kw>
<kw name="Given then I'm in the website homepage">
<kw name="Access the website homepage" library="Resource">
<kw name="Go To" library="SeleniumLibrary">
<arg>http://automationpractice.com</arg>
<doc>Navigates the current browser window to the provided ``url``.</doc>
<msg timestamp="20211125 09:18:32.814" level="INFO">Opening url 'http://automationpractice.com'</msg>
<status status="PASS" starttime="20211125 09:18:32.814" endtime="20211125 09:18:51.389"/>
</kw>
<kw name="Title Should Be" library="SeleniumLibrary">
<arg>My Store</arg>
<doc>Verifies that the current page title equals ``title``.</doc>
<msg timestamp="20211125 09:18:51.398" level="INFO">Page title is 'My Store'.</msg>
<status status="PASS" starttime="20211125 09:18:51.389" endtime="20211125 09:18:51.398"/>
</kw>
<status status="PASS" starttime="20211125 09:18:32.813" endtime="20211125 09:18:51.398"/>
</kw>
<status status="PASS" starttime="20211125 09:18:32.813" endtime="20211125 09:18:51.398"/>
</kw>
<kw name="And that I click in the &quot;Sign in&quot; button going top right" library="Resource">
<kw name="Click Element" library="SeleniumLibrary">
<arg>css=a.login</arg>
<doc>Click the element identified by ``locator``.</doc>
<msg timestamp="20211125 09:18:51.400" level="INFO">Clicking element 'css=a.login'.</msg>
<status status="PASS" starttime="20211125 09:18:51.400" endtime="20211125 09:19:05.813"/>
</kw>
<kw name="Element Should Be Visible" library="SeleniumLibrary">
<arg>xpath=//h1[@class='page-heading']</arg>
<doc>Verifies that the element identified by ``locator`` is visible.</doc>
<msg timestamp="20211125 09:19:05.844" level="INFO">Element 'xpath=//h1[@class='page-heading']' is displayed.</msg>
<status status="PASS" starttime="20211125 09:19:05.813" endtime="20211125 09:19:05.844"/>
</kw>
<status status="PASS" starttime="20211125 09:18:51.399" endtime="20211125 09:19:05.844"/>
</kw>
<kw name="And that I insert an email" library="Resource">
<kw name="Input Text" library="SeleniumLibrary">
<arg>xpath=//div/input[@id='email_create']</arg>
<arg>${MANDATORY_FIELDS.email}</arg>
<doc>Types the given ``text`` into the text field identified by ``locator``.</doc>
<msg timestamp="20211125 09:19:05.846" level="INFO">Typing text '123645@hotmail.com' into text field 'xpath=//div/input[@id='email_create']'.</msg>
<status status="PASS" starttime="20211125 09:19:05.845" endtime="20211125 09:19:05.953"/>
</kw>
<status status="PASS" starttime="20211125 09:19:05.845" endtime="20211125 09:19:05.953"/>
</kw>
<kw name="And click in the &quot;Create an account&quot; button" library="Resource">
<kw name="Click Element" library="SeleniumLibrary">
<arg>id=SubmitCreate</arg>
<doc>Click the element identified by ``locator``.</doc>
<msg timestamp="20211125 09:19:05.954" level="INFO">Clicking element 'id=SubmitCreate'.</msg>
<status status="PASS" starttime="20211125 09:19:05.954" endtime="20211125 09:19:06.016"/>
</kw>
<kw name="Element Should Be Visible" library="SeleniumLibrary">
<arg>xpath=//h1[@class='page-heading']</arg>
<doc>Verifies that the element identified by ``locator`` is visible.</doc>
<msg timestamp="20211125 09:19:06.036" level="INFO">Element 'xpath=//h1[@class='page-heading']' is displayed.</msg>
<status status="PASS" starttime="20211125 09:19:06.016" endtime="20211125 09:19:06.037"/>
</kw>
<status status="PASS" starttime="20211125 09:19:05.954" endtime="20211125 09:19:06.037"/>
</kw>
<kw name="And fill the mandatory fields" library="Resource">
<kw name="Wait Until Element Is Visible" library="SeleniumLibrary">
<arg>xpath=//h3[normalize-space()='Your personal information']</arg>
<doc>Waits until the element ``locator`` is visible.</doc>
<kw name="Capture Page Screenshot" library="SeleniumLibrary">
<doc>Takes a screenshot of the current page and embeds it into a log file.</doc>
<msg timestamp="20211125 09:19:11.157" level="INFO" html="true">&lt;/td&gt;&lt;/tr&gt;&lt;tr&gt;&lt;td colspan="3"&gt;&lt;a href="selenium-screenshot-63.png"&gt;&lt;img src="selenium-screenshot-63.png" width="800px"&gt;&lt;/a&gt;</msg>
<status status="PASS" starttime="20211125 09:19:11.082" endtime="20211125 09:19:11.157"/>
</kw>
<msg timestamp="20211125 09:19:11.160" level="FAIL">Element 'xpath=//h3[normalize-space()='Your personal information']' not visible after 5 seconds.</msg>
<status status="FAIL" starttime="20211125 09:19:06.037" endtime="20211125 09:19:11.160"/>
</kw>
<kw name="Input Text" library="SeleniumLibrary">
<arg>id=customer_firstname</arg>
<arg>${MANDATORY_FIELDS.first_name}</arg>
<doc>Types the given ``text`` into the text field identified by ``locator``.</doc>
<status status="NOT RUN" starttime="20211125 09:19:11.160" endtime="20211125 09:19:11.160"/>
</kw>
<kw name="Input Text" library="SeleniumLibrary">
<arg>id=customer_lastname</arg>
<arg>${MANDATORY_FIELDS.last_name}</arg>
<doc>Types the given ``text`` into the text field identified by ``locator``.</doc>
<status status="NOT RUN" starttime="20211125 09:19:11.160" endtime="20211125 09:19:11.160"/>
</kw>
<kw name="Input Text" library="SeleniumLibrary">
<arg>id=passwd</arg>
<arg>${MANDATORY_FIELDS.password}</arg>
<doc>Types the given ``text`` into the text field identified by ``locator``.</doc>
<status status="NOT RUN" starttime="20211125 09:19:11.160" endtime="20211125 09:19:11.160"/>
</kw>
<kw name="Input Text" library="SeleniumLibrary">
<arg>id=firstname</arg>
<arg>${MANDATORY_FIELDS.first_name}</arg>
<doc>Types the given ``text`` into the text field identified by ``locator``.</doc>
<status status="NOT RUN" starttime="20211125 09:19:11.161" endtime="20211125 09:19:11.161"/>
</kw>
<kw name="Input Text" library="SeleniumLibrary">
<arg>id=lastname</arg>
<arg>${MANDATORY_FIELDS.last_name}</arg>
<doc>Types the given ``text`` into the text field identified by ``locator``.</doc>
<status status="NOT RUN" starttime="20211125 09:19:11.161" endtime="20211125 09:19:11.161"/>
</kw>
<kw name="Input Text" library="SeleniumLibrary">
<arg>id=address1</arg>
<arg>${MANDATORY_FIELDS.address}</arg>
<doc>Types the given ``text`` into the text field identified by ``locator``.</doc>
<status status="NOT RUN" starttime="20211125 09:19:11.161" endtime="20211125 09:19:11.161"/>
</kw>
<kw name="Input Text" library="SeleniumLibrary">
<arg>id=city</arg>
<arg>${MANDATORY_FIELDS.city}</arg>
<doc>Types the given ``text`` into the text field identified by ``locator``.</doc>
<status status="NOT RUN" starttime="20211125 09:19:11.161" endtime="20211125 09:19:11.161"/>
</kw>
<kw name="Click Element" library="SeleniumLibrary">
<arg>id=id_state</arg>
<doc>Click the element identified by ``locator``.</doc>
<status status="NOT RUN" starttime="20211125 09:19:11.161" endtime="20211125 09:19:11.161"/>
</kw>
<kw name="Click Element" library="SeleniumLibrary">
<arg>css=select[id='id_state'] option[value='1']</arg>
<doc>Click the element identified by ``locator``.</doc>
<status status="NOT RUN" starttime="20211125 09:19:11.161" endtime="20211125 09:19:11.161"/>
</kw>
<kw name="Input Text" library="SeleniumLibrary">
<arg>id=postcode</arg>
<arg>${MANDATORY_FIELDS.zipcode}</arg>
<doc>Types the given ``text`` into the text field identified by ``locator``.</doc>
<status status="NOT RUN" starttime="20211125 09:19:11.161" endtime="20211125 09:19:11.161"/>
</kw>
<kw name="Click Element" library="SeleniumLibrary">
<arg>id=id_country</arg>
<doc>Click the element identified by ``locator``.</doc>
<status status="NOT RUN" starttime="20211125 09:19:11.161" endtime="20211125 09:19:11.161"/>
</kw>
<kw name="Click Element" library="SeleniumLibrary">
<arg>css=select[id='id_country'] option[value='21']</arg>
<doc>Click the element identified by ``locator``.</doc>
<status status="NOT RUN" starttime="20211125 09:19:11.161" endtime="20211125 09:19:11.162"/>
</kw>
<kw name="Input Text" library="SeleniumLibrary">
<arg>id=phone_mobile</arg>
<arg>${MANDATORY_FIELDS.mobile_phone}</arg>
<doc>Types the given ``text`` into the text field identified by ``locator``.</doc>
<status status="NOT RUN" starttime="20211125 09:19:11.162" endtime="20211125 09:19:11.162"/>
</kw>
<status status="FAIL" starttime="20211125 09:19:06.037" endtime="20211125 09:19:11.162"/>
</kw>
<kw name="When I click in the &quot;Register&quot; button to finish the registration" library="Resource">
<status status="NOT RUN" starttime="20211125 09:19:11.163" endtime="20211125 09:19:11.163"/>
</kw>
<kw name="Then a management page of the account should appears" library="Resource">
<status status="NOT RUN" starttime="20211125 09:19:11.163" endtime="20211125 09:19:11.163"/>
</kw>
<status status="FAIL" starttime="20211125 09:18:31.596" endtime="20211125 09:19:11.164">Element 'xpath=//h3[normalize-space()='Your personal information']' not visible after 5 seconds.</status>
</test>
<status status="FAIL" starttime="20211125 09:18:31.324" endtime="20211125 09:19:11.167"/>
</suite>
<statistics>
<total>
<stat pass="0" fail="1" skip="0">All Tests</stat>
</total>
<tag>
</tag>
<suite>
<stat pass="0" fail="1" skip="0" id="s1" name="TestSitePracticeBDD">TestSitePracticeBDD</stat>
</suite>
</statistics>
<errors>
</errors>
</robot>
