<?xml version="1.0" encoding="UTF-8"?>
<robot generator="Robot 4.1.2 (Python 3.10.0 on win32)" generated="20211125 18:03:37.808" rpa="false" schemaversion="2">
<suite id="s1" name="TestCasesBooksAPI" source="C:\Users\Alex\RobotFramework\BooksAPI\TestCasesBooksAPI.robot">
<kw name="Connect to my API" library="ResourceAPI" type="SETUP">
<kw name="Create Session" library="RequestsLibrary">
<arg>fakeAPI</arg>
<arg>${URL}</arg>
<doc>Create Session: create a HTTP session to a server</doc>
<msg timestamp="20211125 18:03:37.963" level="INFO">Creating Session using : alias=fakeAPI, url=https://fakerestapi.azurewebsites.net/api/v1, headers={},                     cookies={}, auth=None, timeout=None, proxies=None, verify=False,                     debug=0 </msg>
<status status="PASS" starttime="20211125 18:03:37.963" endtime="20211125 18:03:37.964"/>
</kw>
<status status="PASS" starttime="20211125 18:03:37.963" endtime="20211125 18:03:37.964"/>
</kw>
<test id="s1-t1" name="List all books (GET all books)">
<kw name="Require all the books" library="ResourceAPI">
<kw name="Get On Session" library="RequestsLibrary">
<var>${RESPONSE}</var>
<arg>fakeAPI</arg>
<arg>Books</arg>
<doc>Sends a GET request on a previously created HTTP Session.</doc>
<msg timestamp="20211125 18:03:40.669" level="INFO">GET Request : url=https://fakerestapi.azurewebsites.net/api/v1/Books 
 path_url=/api/v1/Books 
 headers={'User-Agent': 'python-requests/2.26.0', 'Accept-Encoding': 'gzip, deflate', 'Accept': '*/*', 'Connection': 'keep-alive'} 
 body=None 
 </msg>
<msg timestamp="20211125 18:03:40.669" level="INFO">GET Response : url=https://fakerestapi.azurewebsites.net/api/v1/Books 
 status=200, reason=OK 
 headers={'Transfer-Encoding': 'chunked', 'Content-Type': 'application/json; charset=utf-8; v=1.0', 'Server': 'Kestrel', 'api-supported-versions': '1.0', 'Date': 'Thu, 25 Nov 2021 21:03:39 GMT'} 
 body=[{"id":1,"title":"Book 1","description":"Dolore lorem in eirmod velit aliquyam. Hendrerit dolore elitr dolor facilisis consetetur voluptua feugait aliquyam ut ea dolores. Dignissim luptatum kasd et clita quis vulputate aliquip eros invidunt at accumsan. Labore eu duis ipsum autem facilisi nonumy sadipscing suscipit euismod. Clita sed amet zzril dolor sanctus sit stet no diam diam. Nonumy gubergren at. Vulputate et stet amet sit placerat rebum sed sanctus no diam eirmod diam erat erat et eirmod ad. Dolores ipsum voluptua dolore vel et sed nulla esse dolor molestie amet dignissim et consequat labore accusam. Gubergren ea hendrerit ipsum diam accusam elitr erat eleifend. Feugiat dolor at.\n","pageCount":100,"excerpt":"Eos ullamcorper eum delenit. Erat erat eos voluptua dolor ut ullamcorper elit sea lorem erat. Hendrerit iriure velit lorem. Eirmod ut et sadipscing sanctus et elitr lorem. Ex adipiscing justo eu ipsum praesent molestie et ad nonumy. Nostrud amet mazim clita feugait accusam ut takimata ut est commodo esse diam sit. Ullamcorper diam te sanctus dolor magna diam no clita. Ipsum quod duo stet et voluptua sed ut vulputate sed eirmod zzril diam ut labore option ut. Et ipsum sit mazim dolore id erat eum vero takimata sed sed sit diam nonummy wisi erat. Labore sadipscing diam stet aliquam amet tempor eos labore sanctus rebum voluptua et diam erat. Autem gubergren et sanctus kasd in duo quis accusam. Consetetur imperdiet diam magna et consetetur. Odio ut elitr ex accusam. Amet suscipit sadipscing kasd et consequat ipsum justo sed et eirmod enim invidunt vel. Ut gubergren at rebum sed dolores dolore nostrud stet. Molestie accusam ipsum consequat et invidunt sadipscing vero elit eirmod clita erat illum enim magna eos ipsum. Duis eirmod luptatum labore nibh invidunt invidunt sanctus duo est erat illum aliquyam amet veniam sea consectetuer clita. Ipsum erat feugiat erat diam invidunt congue diam invidunt erat eu wisi.\nFeugait sit vero accusam lorem. Duo aliquyam gubergren ut nonumy sit amet eu invidunt lorem vero. Dolor sed amet invidunt sit dolor. Consetetur sed ipsum justo voluptua nam accusam ullamcorper. Nulla lorem in tempor ipsum lorem dolor sanctus et elit. At diam dolore rebum adipiscing tincidunt duis magna autem ea et sit rebum gubergren in sit ut aliquyam et. Duo volutpat ut dolor sed dolore justo minim dolor. Minim dolores duo velit ipsum. Dolor ut tempor dignissim sanctus diam rebum soluta. Ipsum diam gubergren ut labore iriure at invidunt et tempor elitr iusto aliquyam et amet ut labore. Consequat magna ut amet laoreet kasd est eirmod ex eum dolore lorem sed ullamcorper lorem gubergren elitr est no. Vulputate amet ipsum dolore sit sit takimata magna amet stet molestie ea et kasd consectetuer dolore lobortis.\nLorem blandit sit no aliquip erat sed no tempor eos justo delenit sed. Elitr te eleifend et velit duo nonumy est eos eirmod. Iusto dolores illum praesent vero dolores vero sadipscing ut gubergren mazim in et. Erat nonumy elitr stet no aliquyam ut sea tempor aliquyam qui magna lorem feugiat ea elit amet dolor no. Dolor nonumy feugiat et. Est delenit odio elitr tempor et et iriure dolor. Amet dolor praesent ea laoreet accusam stet aliquyam esse et. Justo in erat. Ipsum ipsum adipiscing consetetur et nonumy iriure dolor laoreet eirmod et amet. Sit sit ex tempor sit tempor dignissim consectetuer erat amet dolor est magna voluptua diam no esse invidunt. Eum invidunt nonumy. Facilisi amet vulputate assum labore dolore voluptua imperdiet at voluptua diam erat sea. Est ex sanctus elitr sed invidunt ipsum rebum diam. Rebum lorem diam eirmod duo amet accusam delenit clita vel elitr et diam ad. Ipsum ipsum et diam erat ea dolor et euismod ipsum aliquip amet sit vel. Et sed gubergren erat velit eu ipsum eirmod feugiat aliquyam tincidunt dolore et eos accumsan lorem at vulputate.\nEt justo invidunt kasd at. Et sit nonumy illum erat et eirmod gubergren diam. No dolore elitr at lorem rebum nonumy ipsum ut. Aliquyam illum dolores stet diam sea rebum ut justo ea elitr amet voluptua et. Invidunt duis consetetur eu lorem facilisis diam et voluptua consetetur. Dolor clita nonumy qui. Facilisi sanctus et. Nonumy ut gubergren elitr laoreet sanctus luptatum et. Elitr gubergren at accusam diam autem lorem. Zzril justo nam. Eum ut duo ea kasd dolor dolore consequat aliquam ut. Amet justo duo duo eirmod dignissim erat. Ipsum rebum consetetur et ex dolor. Sea sed aliquyam labore sed invidunt sit clita veniam voluptua kasd hendrerit te lobortis amet sadipscing diam sed eu. Et justo zzril gubergren sadipscing accusam lorem no kasd invidunt sea rebum. Ut sadipscing in amet dolor sadipscing vulputate et takimata takimata. Iriure consetetur ea sit magna nisl. Veniam et quis dolore eirmod vel erat feugait velit duo et dolores takimata blandit nihil aliquyam. Veniam gubergren ipsum ullamcorper nihil takimata sed rebum.\nRebum option blandit elitr erat diam. Magna in tempor aliquyam sanctus magna amet voluptua eirmod at lobortis eos ad elitr lorem autem voluptua ut et. Quod stet rebum consequat exerci voluptua dolor ea.\n","publishDate":"2021-11-24T21:03:40.122055+00:00"},{"id":2,"title":"Book 2","description":"Elitr diam clita sed. Justo sadipscing eu suscipit at eu elit gubergren sit eirmod sed magna congue zzril. Hendrerit sed dolore ex. Sit augue iusto cum erat te sit et dolores et voluptua. No nonumy no ullamcorper wisi. Dolor sed gubergren iusto vel amet ut iriure sed et gubergren amet labore takimata. Duis ut diam assum voluptua nibh dolor luptatum. At justo kasd magna est suscipit et. Amet sadipscing magna feugait eu facilisis et diam et ut justo sit. Takimata magna et ea tation. Diam dolores velit et. Sadipscing sed nihil sed commodo possim diam aliquip stet veniam labore. Voluptua et sit sed ut kasd sadipscing. Luptatum aliquyam at duo est dolor ea erat dignissim aliquyam autem velit est facilisi. Lobortis et esse voluptua stet nonumy duo eirmod diam voluptua ut consetetur consetetur nostrud diam. Takimata eum ea in ad tempor. Vero gubergren et dolore eum nobis et rebum. Eirmod est minim elitr aliquam ut duis stet autem sed elit. Duis consequat et sit vero delenit assum sadipscing est.\n","pageCount":200,"excerpt":"Dolor lobortis delenit luptatum velit blandit eos. Sea elitr duo et eirmod consetetur vulputate magna eos sit vulputate sadipscing dolore lorem lorem. Diam praesent sea iusto invidunt duis clita zzril nam justo dolor liber et. At stet feugait dignissim ut esse feugiat et wisi no dolor eirmod. Sit diam tempor labore delenit sanctus accusam. Et te esse ea voluptua facilisi dolore justo justo ea ut vel nonumy accusam vero ipsum et gubergren feugiat.\nEt lorem aliquyam aliquam et justo. Vel justo sed lorem ea et ipsum dolor at et dolores sit nonumy. Option clita dolores eirmod kasd. No ipsum dolores lorem. Sed erat nonumy. Sit feugiat iriure ipsum nonumy et labore dolore ut amet takimata dolor.\nEa id adipiscing ex et ut dignissim accusam lorem placerat dolor et amet et. Et justo lorem rebum no. Eirmod elitr minim. Liber amet nibh illum sadipscing lorem hendrerit no at dolor sed rebum aliquyam. Suscipit nulla vero autem amet sanctus sanctus dolores stet eirmod delenit diam dolor tempor eum. Nibh blandit et kasd labore ipsum voluptua nostrud sanctus tempor lorem at elitr duo. In nonumy erat sed luptatum lorem sed sed tation dolore. Ipsum sanctus eu et ut diam sit no id. Amet justo at ipsum ad elit hendrerit augue ut eu. Rebum accusam et tempor eos gubergren aliquyam. Esse voluptua adipiscing autem eum vel ipsum hendrerit diam qui. Duis et vero at ea et lorem at ut sanctus. Sed voluptua et diam et lorem no veniam diam magna gubergren et no autem. Iriure erat blandit dolor takimata. Consetetur amet et sed velit amet eros et justo labore. In ipsum dolore.\nDuo ad lorem dolore quod voluptua dolore rebum labore. Sed ex consequat vero accusam ut ipsum. Labore cum sit blandit aliquip no duo. Feugait sit stet hendrerit est amet et stet amet diam congue. Sadipscing justo ut. Gubergren nonumy labore diam sit amet nostrud sea elitr. Amet lorem autem ea stet diam ea sit vel diam sadipscing facilisis gubergren. Voluptua dolore autem dolores takimata vero dolor lorem justo sed exerci dolore at sed gubergren enim blandit stet justo. Illum dolore et voluptua sed accumsan gubergren ipsum justo amet. Ea aliquyam sanctus labore est ea imperdiet sit ut esse dolor laoreet. Gubergren justo et accumsan ea accusam in aliquyam sea amet sed. Erat erat nonumy. Rebum lorem magna takimata no sanctus illum ex sed lorem amet et nonummy. Amet dolore erat nulla dolores hendrerit nulla justo vel ipsum lorem dolor iriure duo. Diam tempor in nisl labore.\nLorem veniam eu ipsum tempor magna. Augue et duo volutpat. Amet doming dolore no suscipit dolor suscipit augue. Lorem lorem euismod aliquyam augue takimata qui invidunt accusam labore clita aliquyam sit sed delenit sed. Lorem sit dolor ut voluptua lorem vel ipsum lorem dolores in dolor voluptua nostrud consetetur. Placerat vulputate exerci elitr nulla sadipscing et eirmod nulla zzril ut. Minim accusam praesent ut duo sadipscing diam. Sed sea eos praesent sanctus et voluptua in sed nostrud ut vero ipsum erat. Takimata tempor illum possim erat iusto tempor et amet. Rebum gubergren dolores blandit iusto nonummy rebum et sit commodo labore volutpat amet. Amet duo labore est dolores veniam kasd justo diam luptatum amet ipsum. Sit dolor accumsan vero eleifend clita dolore hendrerit et tincidunt esse. Dolore et in velit vero eirmod nonumy elitr et nonumy clita et dolore suscipit veniam. Consetetur qui amet dolor eos voluptua consetetur invidunt accusam magna labore odio sit tincidunt sit dolore. Ea ut in ipsum nihil commodo sed est sanctus dolore option invidunt dolor. Sed dolore eos dolor. Sadipscing magna dolores takimata dolore vulputate eirmod erat eirmod justo sit tation iusto sanctus consetetur. Magna accusam est magna duo sed.\n","publishDate":"2021-11-23T21:03:40.122142+00:00"},{"id":3,"title":... (set the log level to DEBUG or TRACE to see the full content) 
 </msg>
<msg timestamp="20211125 18:03:40.670" level="INFO">C:\Users\Alex\AppData\Local\Programs\Python\Python310\lib\site-packages\urllib3\connectionpool.py:1013: InsecureRequestWarning: Unverified HTTPS request is being made to host 'fakerestapi.azurewebsites.net'. Adding certificate verification is strongly advised. See: https://urllib3.readthedocs.io/en/1.26.x/advanced-usage.html#ssl-warnings
  warnings.warn(</msg>
<msg timestamp="20211125 18:03:40.671" level="INFO">${RESPONSE} = &lt;Response [200]&gt;</msg>
<status status="PASS" starttime="20211125 18:03:37.965" endtime="20211125 18:03:40.671"/>
</kw>
<kw name="Log" library="BuiltIn">
<arg>${RESPONSE.text}</arg>
<doc>Logs the given message with the given level.</doc>
<msg timestamp="20211125 18:03:40.676" level="INFO">[{"id":1,"title":"Book 1","description":"Dolore lorem in eirmod velit aliquyam. Hendrerit dolore elitr dolor facilisis consetetur voluptua feugait aliquyam ut ea dolores. Dignissim luptatum kasd et clita quis vulputate aliquip eros invidunt at accumsan. Labore eu duis ipsum autem facilisi nonumy sadipscing suscipit euismod. Clita sed amet zzril dolor sanctus sit stet no diam diam. Nonumy gubergren at. Vulputate et stet amet sit placerat rebum sed sanctus no diam eirmod diam erat erat et eirmod ad. Dolores ipsum voluptua dolore vel et sed nulla esse dolor molestie amet dignissim et consequat labore accusam. Gubergren ea hendrerit ipsum diam accusam elitr erat eleifend. Feugiat dolor at.\n","pageCount":100,"excerpt":"Eos ullamcorper eum delenit. Erat erat eos voluptua dolor ut ullamcorper elit sea lorem erat. Hendrerit iriure velit lorem. Eirmod ut et sadipscing sanctus et elitr lorem. Ex adipiscing justo eu ipsum praesent molestie et ad nonumy. Nostrud amet mazim clita feugait accusam ut takimata ut est commodo esse diam sit. Ullamcorper diam te sanctus dolor magna diam no clita. Ipsum quod duo stet et voluptua sed ut vulputate sed eirmod zzril diam ut labore option ut. Et ipsum sit mazim dolore id erat eum vero takimata sed sed sit diam nonummy wisi erat. Labore sadipscing diam stet aliquam amet tempor eos labore sanctus rebum voluptua et diam erat. Autem gubergren et sanctus kasd in duo quis accusam. Consetetur imperdiet diam magna et consetetur. Odio ut elitr ex accusam. Amet suscipit sadipscing kasd et consequat ipsum justo sed et eirmod enim invidunt vel. Ut gubergren at rebum sed dolores dolore nostrud stet. Molestie accusam ipsum consequat et invidunt sadipscing vero elit eirmod clita erat illum enim magna eos ipsum. Duis eirmod luptatum labore nibh invidunt invidunt sanctus duo est erat illum aliquyam amet veniam sea consectetuer clita. Ipsum erat feugiat erat diam invidunt congue diam invidunt erat eu wisi.\nFeugait sit vero accusam lorem. Duo aliquyam gubergren ut nonumy sit amet eu invidunt lorem vero. Dolor sed amet invidunt sit dolor. Consetetur sed ipsum justo voluptua nam accusam ullamcorper. Nulla lorem in tempor ipsum lorem dolor sanctus et elit. At diam dolore rebum adipiscing tincidunt duis magna autem ea et sit rebum gubergren in sit ut aliquyam et. Duo volutpat ut dolor sed dolore justo minim dolor. Minim dolores duo velit ipsum. Dolor ut tempor dignissim sanctus diam rebum soluta. Ipsum diam gubergren ut labore iriure at invidunt et tempor elitr iusto aliquyam et amet ut labore. Consequat magna ut amet laoreet kasd est eirmod ex eum dolore lorem sed ullamcorper lorem gubergren elitr est no. Vulputate amet ipsum dolore sit sit takimata magna amet stet molestie ea et kasd consectetuer dolore lobortis.\nLorem blandit sit no aliquip erat sed no tempor eos justo delenit sed. Elitr te eleifend et velit duo nonumy est eos eirmod. Iusto dolores illum praesent vero dolores vero sadipscing ut gubergren mazim in et. Erat nonumy elitr stet no aliquyam ut sea tempor aliquyam qui magna lorem feugiat ea elit amet dolor no. Dolor nonumy feugiat et. Est delenit odio elitr tempor et et iriure dolor. Amet dolor praesent ea laoreet accusam stet aliquyam esse et. Justo in erat. Ipsum ipsum adipiscing consetetur et nonumy iriure dolor laoreet eirmod et amet. Sit sit ex tempor sit tempor dignissim consectetuer erat amet dolor est magna voluptua diam no esse invidunt. Eum invidunt nonumy. Facilisi amet vulputate assum labore dolore voluptua imperdiet at voluptua diam erat sea. Est ex sanctus elitr sed invidunt ipsum rebum diam. Rebum lorem diam eirmod duo amet accusam delenit clita vel elitr et diam ad. Ipsum ipsum et diam erat ea dolor et euismod ipsum aliquip amet sit vel. Et sed gubergren erat velit eu ipsum eirmod feugiat aliquyam tincidunt dolore et eos accumsan lorem at vulputate.\nEt justo invidunt kasd at. Et sit nonumy illum erat et eirmod gubergren diam. No dolore elitr at lorem rebum nonumy ipsum ut. Aliquyam illum dolores stet diam sea rebum ut justo ea elitr amet voluptua et. Invidunt duis consetetur eu lorem facilisis diam et voluptua consetetur. Dolor clita nonumy qui. Facilisi sanctus et. Nonumy ut gubergren elitr laoreet sanctus luptatum et. Elitr gubergren at accusam diam autem lorem. Zzril justo nam. Eum ut duo ea kasd dolor dolore consequat aliquam ut. Amet justo duo duo eirmod dignissim erat. Ipsum rebum consetetur et ex dolor. Sea sed aliquyam labore sed invidunt sit clita veniam voluptua kasd hendrerit te lobortis amet sadipscing diam sed eu. Et justo zzril gubergren sadipscing accusam lorem no kasd invidunt sea rebum. Ut sadipscing in amet dolor sadipscing vulputate et takimata takimata. Iriure consetetur ea sit magna nisl. Veniam et quis dolore eirmod vel erat feugait velit duo et dolores takimata blandit nihil aliquyam. Veniam gubergren ipsum ullamcorper nihil takimata sed rebum.\nRebum option blandit elitr erat diam. Magna in tempor aliquyam sanctus magna amet voluptua eirmod at lobortis eos ad elitr lorem autem voluptua ut et. Quod stet rebum consequat exerci voluptua dolor ea.\n","publishDate":"2021-11-24T21:03:40.122055+00:00"},{"id":2,"title":"Book 2","description":"Elitr diam clita sed. Justo sadipscing eu suscipit at eu elit gubergren sit eirmod sed magna congue zzril. Hendrerit sed dolore ex. Sit augue iusto cum erat te sit et dolores et voluptua. No nonumy no ullamcorper wisi. Dolor sed gubergren iusto vel amet ut iriure sed et gubergren amet labore takimata. Duis ut diam assum voluptua nibh dolor luptatum. At justo kasd magna est suscipit et. Amet sadipscing magna feugait eu facilisis et diam et ut justo sit. Takimata magna et ea tation. Diam dolores velit et. Sadipscing sed nihil sed commodo possim diam aliquip stet veniam labore. Voluptua et sit sed ut kasd sadipscing. Luptatum aliquyam at duo est dolor ea erat dignissim aliquyam autem velit est facilisi. Lobortis et esse voluptua stet nonumy duo eirmod diam voluptua ut consetetur consetetur nostrud diam. Takimata eum ea in ad tempor. Vero gubergren et dolore eum nobis et rebum. Eirmod est minim elitr aliquam ut duis stet autem sed elit. Duis consequat et sit vero delenit assum sadipscing est.\n","pageCount":200,"excerpt":"Dolor lobortis delenit luptatum velit blandit eos. Sea elitr duo et eirmod consetetur vulputate magna eos sit vulputate sadipscing dolore lorem lorem. Diam praesent sea iusto invidunt duis clita zzril nam justo dolor liber et. At stet feugait dignissim ut esse feugiat et wisi no dolor eirmod. Sit diam tempor labore delenit sanctus accusam. Et te esse ea voluptua facilisi dolore justo justo ea ut vel nonumy accusam vero ipsum et gubergren feugiat.\nEt lorem aliquyam aliquam et justo. Vel justo sed lorem ea et ipsum dolor at et dolores sit nonumy. Option clita dolores eirmod kasd. No ipsum dolores lorem. Sed erat nonumy. Sit feugiat iriure ipsum nonumy et labore dolore ut amet takimata dolor.\nEa id adipiscing ex et ut dignissim accusam lorem placerat dolor et amet et. Et justo lorem rebum no. Eirmod elitr minim. Liber amet nibh illum sadipscing lorem hendrerit no at dolor sed rebum aliquyam. Suscipit nulla vero autem amet sanctus sanctus dolores stet eirmod delenit diam dolor tempor eum. Nibh blandit et kasd labore ipsum voluptua nostrud sanctus tempor lorem at elitr duo. In nonumy erat sed luptatum lorem sed sed tation dolore. Ipsum sanctus eu et ut diam sit no id. Amet justo at ipsum ad elit hendrerit augue ut eu. Rebum accusam et tempor eos gubergren aliquyam. Esse voluptua adipiscing autem eum vel ipsum hendrerit diam qui. Duis et vero at ea et lorem at ut sanctus. Sed voluptua et diam et lorem no veniam diam magna gubergren et no autem. Iriure erat blandit dolor takimata. Consetetur amet et sed velit amet eros et justo labore. In ipsum dolore.\nDuo ad lorem dolore quod voluptua dolore rebum labore. Sed ex consequat vero accusam ut ipsum. Labore cum sit blandit aliquip no duo. Feugait sit stet hendrerit est amet et stet amet diam congue. Sadipscing justo ut. Gubergren nonumy labore diam sit amet nostrud sea elitr. Amet lorem autem ea stet diam ea sit vel diam sadipscing facilisis gubergren. Voluptua dolore autem dolores takimata vero dolor lorem justo sed exerci dolore at sed gubergren enim blandit stet justo. Illum dolore et voluptua sed accumsan gubergren ipsum justo amet. Ea aliquyam sanctus labore est ea imperdiet sit ut esse dolor laoreet. Gubergren justo et accumsan ea accusam in aliquyam sea amet sed. Erat erat nonumy. Rebum lorem magna takimata no sanctus illum ex sed lorem amet et nonummy. Amet dolore erat nulla dolores hendrerit nulla justo vel ipsum lorem dolor iriure duo. Diam tempor in nisl labore.\nLorem veniam eu ipsum tempor magna. Augue et duo volutpat. Amet doming dolore no suscipit dolor suscipit augue. Lorem lorem euismod aliquyam augue takimata qui invidunt accusam labore clita aliquyam sit sed delenit sed. Lorem sit dolor ut voluptua lorem vel ipsum lorem dolores in dolor voluptua nostrud consetetur. Placerat vulputate exerci elitr nulla sadipscing et eirmod nulla zzril ut. Minim accusam praesent ut duo sadipscing diam. Sed sea eos praesent sanctus et voluptua in sed nostrud ut vero ipsum erat. Takimata tempor illum possim erat iusto tempor et amet. Rebum gubergren dolores blandit iusto nonummy rebum et sit commodo labore volutpat amet. Amet duo labore est dolores veniam kasd justo diam luptatum amet ipsum. Sit dolor accumsan vero eleifend clita dolore hendrerit et tincidunt esse. Dolore et in velit vero eirmod nonumy elitr et nonumy clita et dolore suscipit veniam. Consetetur qui amet dolor eos voluptua consetetur invidunt accusam magna labore odio sit tincidunt sit dolore. Ea ut in ipsum nihil commodo sed est sanctus dolore option invidunt dolor. Sed dolore eos dolor. Sadipscing magna dolores takimata dolore vulputate eirmod erat eirmod justo sit tation iusto sanctus consetetur. Magna accusam est magna duo sed.\n","publishDate":"2021-11-23T21:03:40.122142+00:00"},{"id":3,"title":"Book 3","description":"Et iriure lorem aliquyam vel elitr et eos iriure lorem eum ea feugiat sed ipsum stet ipsum labore diam. Te erat voluptua autem sea at tempor kasd dolor commodo dolor dolore erat lorem. Et dolor consetetur consequat autem ad takimata at ipsum feugait aliquyam invidunt iriure eos elitr dolores. Amet dolore elitr sadipscing duo aliquam. Nisl dolore ad facer erat sanctus consetetur justo sit sadipscing. Accusam lorem magna. Vero accusam dolor hendrerit diam quis nonumy eros eirmod takimata illum. Accusam autem sea et lorem et consequat ea accusam sit et. Sit lorem consetetur ex dolores sed erat vel eos. No et elitr kasd. Dolores praesent ipsum tincidunt kasd minim rebum nonumy elitr sadipscing lorem et. Accusam kasd feugait eos liber velit aliquyam accumsan ipsum ipsum vero dolor iusto. Nonumy ut ipsum eirmod vel. Veniam zzril wisi. Vel aliquam et dolore diam dolor amet. At diam voluptua takimata diam invidunt labore at rebum odio consequat ea ut ut tincidunt. At lorem sanctus est est amet sanctus diam. Invidunt dolor invidunt ea dolor consectetuer. No id euismod ea at dolore sea amet aliquam sea.\n","pageCount":300,"excerpt":"Et sit consequat duo sed eu. Voluptua sit diam gubergren autem illum consequat nonumy sed. Ipsum gubergren amet vero dolore takimata. Dolor sadipscing amet iriure sit vero enim. Et dolor sea. Dolore sed consetetur ut ut sed liber dolor labore aliquyam eirmod diam. Et vero no ipsum est zzril ut consetetur illum consequat dolores. Labore gubergren facer sed clita aliquam erat quis. Dolor sea et. Magna ipsum amet esse ipsum eos liber iriure aliquyam aliquyam sit sadipscing lorem velit suscipit takimata at dolor. Kasd sed dolore lorem. Clita eirmod at nulla autem mazim stet amet nonumy eos et ad nonumy nam lorem diam clita ut lorem. Te ipsum dolor tempor vero accusam consetetur sit dolore sadipscing labore diam ipsum erat vero diam. Sed sit sanctus duo enim lorem at. Eirmod duo lorem dolores et lorem takimata dolores dolor aliquyam stet at lorem cum magna augue clita. Sit diam eum. Eros amet sed clita vel et feugiat erat. Consetetur stet voluptua invidunt dolor et cum stet consetetur at kasd nonumy elitr autem dolor dolore. Autem feugait sanctus imperdiet sea invidunt lorem est gubergren facilisi.\nRebum vero vel nostrud at dolor aliquam erat erat tempor. Eros sanctus magna sit dignissim eos illum dolore sadipscing ut diam takimata. Takimata ea volutpat ut iriure aliquyam veniam qui enim eos aliquyam hendrerit quod justo dolores aliquyam consequat consequat at. Labore ipsum velit ut feugait erat et et. Sit et invidunt lorem augue ipsum in zzril labore ut molestie. Invidunt stet aliquip et sanctus diam cum dolore ut quis consequat ipsum duis vel. Stet ea voluptua magna ea sit no blandit sit sadipscing vulputate aliquyam consequat sit rebum at aliquyam est. Esse dolor nonumy ea blandit ipsum dolore elitr laoreet sit vel et sit sadipscing. Nulla eleifend duis volutpat ut quod vero minim amet et ut sit dolor est accusam in sanctus eu. Et takimata vero wisi sea erat dolores sea dolor dolor consequat no. Tempor nam duo et augue sed dolore est et lobortis. Eirmod ut facilisi nonumy ut aliquip clita. Dolor duis id tempor soluta. Eirmod hendrerit ut amet. Kasd dolores in nibh no rebum tempor et in duis lorem veniam id et. Et accumsan sanctus nam eirmod autem facer esse takimata nonumy dolore et labore amet sadipscing volutpat amet. Ipsum consequat est laoreet et vel rebum ipsum dolor accusam duo tempor ut lorem ipsum amet adipiscing rebum stet. Vel doming velit dolor et sanctus dolores consetetur ipsum in et at iusto ullamcorper sit accusam dolore euismod.\nHendrerit duo amet aliquam lorem accusam lorem dolore praesent labore. Sed labore stet voluptua dolor sea. Elitr dolores lorem et amet voluptua et mazim autem consetetur lorem et. Dolor sit augue at dolor iriure et consetetur stet dolor sanctus sit duo erat tempor gubergren gubergren et tempor. Sanctus stet sit. Iusto molestie quod sit dolore dolor at et dolor dolores et amet erat odio feugiat elitr esse.\nEa in facilisi dolore dolor consectetuer et eirmod voluptua doming et clita eleifend erat assum dolor. Ipsum vero et lorem elitr labore kasd sit dignissim eos velit dolor erat dolor vero placerat sadipscing. Amet magna nonumy lorem erat augue lorem soluta clita. Est labore diam et justo in nonumy option duo laoreet sanctus te. Ipsum labore dolor sed. Eos eum amet assum exerci in est accusam molestie et sed. Accusam magna accusam ea erat lorem. Vulputate ut dolore clita in tincidunt assum minim eos ut sed et dolore invidunt consequat aliquyam sit aliquam dolore. Diam erat ipsum qui. Dignissim lorem dolor sit. Option dolor autem rebum molestie sed sea elit. Rebum et voluptua dolore invidunt enim clita dolor nobis adipiscing vel duo amet sadipscing feugiat. Minim invidunt duis et vero takimata velit ipsum ipsum lorem aliquyam diam molestie.\nEt takimata et labore est odio dolor clita diam nihil ut sed ut sanctus dolore dignissim gubergren et sed. Kasd nibh nostrud ipsum esse ut imperdiet stet eleifend at et feugiat justo eum eos. Feugiat velit ut consequat ea vero vero eum erat dolore dolor in feugiat adipiscing et tempor dolore eirmod sea. Ad ut amet et gubergren et aliquyam ea at sit augue velit dolor quis. Eirmod minim sed erat tempor sanctus et facilisis clita sit lorem dolore et erat invidunt eu magna et. Rebum eum takimata sit dolor dolor duis sadipscing justo eos dolor dolor invidunt nonumy dolore sed diam et. Eos lorem consequat diam et et nonumy invidunt enim ut nonumy dolor sed. Sed dolor autem eos delenit justo ad consetetur rebum dolor et rebum lorem. Voluptua invidunt tempor quis et ullamcorper dolor takimata augue. Blandit aliquyam invidunt consetetur ipsum vero vel voluptua duo no et no et. At commodo vero erat in ex rebum vero dolores. Gubergren diam dolor et duo voluptua in amet dolores.\n","publishDate":"2021-11-22T21:03:40.1222433+00:00"},{"id":4,"title":"Book 4","description":"Dolor nobis molestie clita diam duo et stet amet luptatum. At sed lorem quis iriure blandit amet. At diam clita eum nisl sea voluptua tempor no vero in et ullamcorper gubergren et ut amet nonumy. Amet clita duis amet eos sea facilisi et ipsum accusam et ea molestie wisi vero autem ut vero lorem. Diam stet dolore takimata vulputate dolore dolore sadipscing ea clita delenit delenit sanctus consectetuer delenit. Laoreet labore justo velit clita sadipscing. Dolores dignissim tincidunt luptatum duo clita aliquyam magna labore amet odio augue et nonumy ut tempor. Sadipscing autem amet gubergren et takimata ullamcorper tempor et zzril et amet dolor duo in autem diam. Et dolor vero eirmod takimata justo aliquyam iriure justo ut eirmod at. Ipsum autem sanctus. Ipsum sadipscing vel et clita justo quis rebum dolor takimata dolore enim amet amet tempor elit. At tation sea gubergren takimata magna aliquyam elit takimata accumsan lorem amet eum. Invidunt amet ipsum. Ut consetetur ipsum takimata erat nonumy justo ipsum aliquyam lorem clita accumsan justo vel. Quod ut sed dolor eirmod invidunt clita praesent erat accumsan clita zzril. Sadipscing molestie amet aliquam hendrerit sanctus vel possim ipsum et eu. Diam est wisi ea duo. Accusam dolor ipsum lorem magna sit dolor.\n","pageCount":400,"excerpt":"Possim gubergren quis et illum augue justo kasd sit ipsum sea dolor clita sit et lorem no nibh ut. Aliquam sanctus sit. Takimata vulputate ipsum et eirmod justo lorem.\nEirmod aliquyam aliquyam erat amet consetetur. Ipsum iriure esse dolore gubergren ut no sit amet labore suscipit labore clita duo erat sanctus exerci. At consetetur eu lorem et at lobortis. Et eos accusam in ullamcorper te sit. Et vulputate tincidunt. Vel et nonummy takimata nobis velit diam molestie sed takimata eirmod. Velit consequat vero amet. Justo et kasd voluptua sed rebum ut tincidunt.\nKasd amet voluptua tation dolor esse justo consetetur lorem eos. Ipsum kasd magna accusam est rebum tempor justo tempor diam dignissim. Kasd takimata dolores ad enim vel no te sit no ea invidunt amet sit dolore dolor rebum odio in. Ipsum dolores luptatum at erat sanctus est adipiscing amet ut ut dolore at consectetuer facilisis qui at sadipscing. Aliquam amet odio accusam sadipscing duo consetetur et est magna no. Sit iusto ex consequat ea no feugait sit.\nElitr nonumy eum nonumy et dolore invidunt accusam duis dolore est lorem duo at ea dolor iusto. Ut invidunt amet blandit in ea et tation feugait amet wisi erat ipsum feugait. Magna dolore tempor. Est dolores dolores praesent sed lobortis sed amet velit lorem et erat duo consequat. Delenit molestie eos magna eirmod aliquyam duo sed dolor diam vero duo facilisis magna labore nam. Nisl iusto dolore vero tempor justo commodo et. Ea aliquip accusam ipsum eleifend consequat hendrerit dolor consetetur sed nulla ipsum. Diam eirmod gubergren ea lorem vero invidunt eirmod assum dolor et molestie. Et lorem diam amet ea. At consetetur consequat magna lorem praesent molestie sit vel voluptua invidunt sanctus ipsum nonumy duo erat consetetur.\nDolor in sit. Dolor dolore magna et dolor duo velit et enim quod dolor elitr amet diam at nonumy dolor. Imperdiet elitr ullamcorper diam sit labore stet tincidunt. No sit vero rebum sit at no sanctus sit delenit dolores et consetetur est dolor soluta dolore delenit. Eos dolores in vero at voluptua magna ipsum hendrerit elitr nonumy in.\n","publishDate":"2021-11-21T21:03:40.1222995+00:00"},{"id":5,"title":"Book 5","description":"Sit elit dolor sed at takimata stet ea accusam aliquyam consetetur magna facilisis ipsum eirmod est vel ea esse. Liber et velit et lorem eirmod magna laoreet nisl sed sanctus at rebum. Consetetur sadipscing aliquam ut ipsum nulla ex elitr rebum no duis amet ea clita ea tempor nam at sit. Vero ea diam voluptua erat ipsum at eos. Vero diam ut amet nulla gubergren facilisis dolore autem amet aliquyam duis ipsum et adipiscing et accusam. Dolor at justo voluptua no vero consetetur luptatum sea dolor eum. Lorem autem elit ea sed duo rebum sed sanctus accusam tempor in clita duis et no. Ipsum sed diam sea magna sed erat nulla ipsum no clita eos elitr nobis amet accusam. Stet kasd et amet aliquyam nostrud tempor voluptua consequat magna magna magna ea duis esse. Diam no at sadipscing accusam sit at et dolor no no ut lorem rebum justo at. Amet vulputate euismod in diam duo zzril kasd ex facilisis gubergren hendrerit eros. Sed autem eirmod odio facilisi clita clita erat amet diam et vero accusam qui at volutpat molestie clita stet. Et stet gubergren at rebum elitr sadipscing eirmod accusam. Ea et nulla voluptua duis takimata duo sanctus stet tincidunt liber ea elitr vel voluptua. Dolor sit ut aliquyam takimata ipsum iriure sed stet dolore dolor. Elitr consequat diam consequat no est vero gubergren clita amet lorem justo. Vel lorem sea sed eirmod. Sadipscing duis iriure consetetur dolor rebum elitr et vel sit consequat dolor erat hendrerit sanctus justo elit imperdiet sea. Eirmod tation molestie ut.\n","pageCount":500,"excerpt":"Amet clita dolore lorem. Sit in kasd elitr dolore nihil takimata autem labore dolores ipsum takimata. Amet praesent tempor ipsum sed tincidunt tempor kasd et erat et. Ea vero elitr est sed erat dolor tempor. Ipsum molestie sea dolor tincidunt sed vero ipsum nulla diam et diam. Amet lorem sanctus. Dolor takimata clita dolor aliquyam dolor diam quod commodo vero magna consetetur amet eirmod dolor tempor est feugait. Dolor sit sanctus. No stet dolor at consequat rebum consetetur augue et lorem facilisis dolore amet at rebum sanctus invidunt. Dolor et et elitr dolor takimata dolor exerci dolores ea consectetuer vero voluptua dolor. Et eu vel dolores takimata exerci aliquyam takimata eros sadipscing sit takimata sed. Clita et labore magna ipsum magna et dolores accusam no. Est vero rebum stet clita dolores et at eirmod sanctus facilisis duo assum et eos. Molestie sed erat mazim amet vero duo eirmod feugait ipsum amet. Esse no facer erat iusto iriure sit amet dolores amet zzril diam ut duis. Nonumy lobortis vero dolore diam voluptua. Enim voluptua ipsum illum at. Takimata no ipsum eu luptatum sed nonumy justo ea ipsum rebum sadipscing et ut iriure nonumy quis. Ea et erat erat dolore diam minim sed dolore feugiat feugiat.\nTempor aliquyam dignissim ut takimata et dolores feugiat at tation gubergren. Takimata sadipscing nonumy vero sit lorem sanctus esse aliquyam amet duo tempor diam diam esse. Nonumy sadipscing elitr. Stet facer facilisis et dolore luptatum invidunt ea sadipscing rebum facer ea. Facilisi amet eum sed lorem sit sit ipsum erat dolor nisl et. Rebum aliquyam nonumy amet diam aliquam. Et invidunt dolores ut ut ipsum justo stet stet sadipscing et no ipsum vulputate accusam. Sed diam justo tincidunt sed. Sea sadipscing et ipsum diam duo ullamcorper takimata consetetur sea accusam adipiscing sit dignissim nulla no accumsan sanctus. Aliquyam takimata tempor ea clita ut ea vero ea ipsum eos et elitr.\nSed iriure zzril lorem et ut euismod eirmod dolore facilisi esse eirmod elitr molestie takimata. Dolore vel amet odio. Et at takimata aliquip. Voluptua iriure kasd tempor takimata erat kasd gubergren elitr ut. Euismod et aliquyam stet dolor eirmod elitr at rebum eos sadipscing. Rebum magna eos wisi molestie eos lorem stet suscipit. Eirmod voluptua et duis nulla ut id diam feugiat mazim et sed. Elitr rebum eos. Duo tempor dolore voluptua nulla et et consequat. Amet diam et est invidunt et ipsum stet. Est feugiat sanctus. Sed congue invidunt gubergren qui lorem placerat euismod aliquyam. Rebum te tempor autem sed tempor lorem sadipscing dolores ipsum sit consectetuer stet labore voluptua sanctus amet. Dolore kasd feugait elitr et sit amet ipsum diam dolore.\nEst gubergren soluta elit ullamcorper dolore et. Clita diam praesent eum option takimata dolore et consectetuer. Amet dolor eirmod lorem hendrerit et te et tempor te sit facilisi dolor dolores nibh in consetetur consequat. Dolor eum ea eos ipsum nibh est amet clita veniam ea dolor accusam soluta at lorem ut. Sit ipsum consequat justo. Eos et id eos aliquyam adipiscing. Kasd delenit vero. Dolores velit ut invidunt et autem dolor at autem aliquyam et voluptua aliquyam sanctus accusam duo vel. Sadipscing ut wisi dolore gubergren et sit sit lorem at. Amet amet ut te clita ut sea dolor amet in vero duis. Accusam sed sit vel delenit dolores gubergren feugiat dolor wisi liber. Exerci labore et amet nonumy tempor sed.\nEx erat sanctus consequat duo et eum facer option eirmod amet. Kasd sadipscing vulputate at eirmod eleifend ut et augue laoreet labore erat. Eos labore dolore ipsum sanctus. Labore et sed erat kasd sed.\n","publishDate":"2021-11-20T21:03:40.122387+00:00"},{"id":6,"title":"Book 6","description":"Eum rebum at elitr tincidunt justo diam dolor elitr nonumy. Vel sanctus consequat kasd duo magna sit nibh vel. Liber stet eirmod sea labore ex nihil justo diam diam. Takimata lorem no dolor laoreet facilisis elitr no ut. Elitr euismod zzril et dolores erat clita vero facer et clita wisi dolore elitr amet tempor labore in. In consetetur magna stet sed quis dolor vero feugait no magna ipsum praesent magna in dolor. Tation consequat consectetuer sanctus esse amet amet euismod gubergren sanctus et dolores dolor sit autem. Feugait in dolore et luptatum et diam ea cum invidunt. Accusam minim sit assum. Sed aliquyam ea dolore sea erat invidunt lorem volutpat dolor consequat. Aliquyam gubergren facilisi facilisis at voluptua eos vero ullamcorper at erat duis sed vel dolor. Dolor erat dolores nisl duo nonummy nonumy et invidunt rebum suscipit aliquyam esse labore invidunt ea takimata invidunt. Sea nibh rebum sit sed erat rebum takimata et consetetur. Lorem eos diam sed dolor sanctus invidunt.\n","pageCount":600,"excerpt":"Dolor nisl magna euismod gubergren feugiat consetetur nonumy aliquam aliquyam tation ut elitr. Sadipscing eirmod tempor et no elitr dolor dolore amet sed lorem gubergren esse sit consetetur molestie. Clita rebum vel praesent tempor no lobortis invidunt in consequat ut ipsum et ut eos.\nEt tempor no eos et dolor wisi amet accusam iriure no amet sit at veniam amet voluptua id augue. Vel takimata erat dolor autem duo takimata rebum justo blandit sed. Ipsum feugiat liber sanctus augue sed ut clita stet invidunt lorem adipiscing sit invidunt. Aliquyam at dolor sea kasd nulla clita quod takimata eros vulputate. Elitr amet eirmod ipsum lorem dolor sed magna amet justo elitr sanctus justo nonumy commodo. Dolor eros diam vero imperdiet invidunt dolore invidunt amet te et ipsum erat. Et aliquyam eirmod magna.\nNo nonumy clita dolore duo. Kasd te accusam sit nonumy et voluptua tempor. Enim lorem ut duis sanctus duo dolor magna nulla est vero. Et exerci clita erat tempor amet amet laoreet sed wisi amet. Stet voluptua invidunt consequat dolor ullamcorper vero sed sed takimata vel feugiat lorem ipsum tation erat at. Ea sadipscing consetetur sed amet. No imperdiet ut kasd voluptua et aliquip dolor ipsum dolor lorem magna dolore duo ut accusam minim sit. Diam kasd nonummy rebum cum molestie amet ipsum et stet dolor amet lobortis aliquyam.\nElitr et stet dolor in dolor duis augue sea lorem voluptua. Ullamcorper et nonummy clita autem eos consequat sed ipsum et dolore vero no dolore erat. Sit ipsum voluptua sit rebum stet sit lorem nisl consetetur te accumsan labore dolores takimata. Aliquyam aliquyam feugait duo dolores diam duis duis clita sadipscing sea in justo nonumy elitr eos et. Minim est consetetur et et consetetur duis dolor tincidunt velit erat clita diam dolor elitr enim. Erat vero duo accusam kasd accumsan. Lobortis lorem ipsum takimata id ad sit eirmod exerci voluptua et invidunt. Est sea ut lorem. Magna takimata vulputate amet lorem aliquyam dolor vulputate clita dolor dolore dolore ipsum sit. Dolores ea sit diam sea stet rebum sit no laoreet autem placerat diam facilisis. Et aliquyam delenit sit stet dolore eos. Sit eos diam lorem dolor ut gubergren sea vero voluptua invidunt tempor et takimata et. Labore labore est sed sed eos nam doming voluptua et facilisis ex volutpat dolore. Zzril consetetur amet justo dolores molestie et amet rebum dolore amet euismod clita. Eros labore stet esse ipsum praesent aliquyam augue quis rebum sed esse euismod erat aliquyam dolor gubergren in. Duo accusam tempor voluptua nisl accumsan. Amet eirmod diam doming commodo ipsum stet dolor. Amet duis kasd ea blandit tation ipsum ea dolore dolor sit sea diam ea dolores. Ut qui dolor autem eirmod dolor.\nEros et tincidunt et. Duis aliquyam rebum eirmod in nulla nisl lorem quis tempor aliquyam diam erat sadipscing et at vel dolore. Eos molestie lorem erat justo nulla ut tempor accusam aliquyam eos cum erat ipsum sit. Kasd tempor dignissim id ut eu accumsan nonumy volutpat et dolore accusam ipsum voluptua. Diam commodo est zzril et nihil dolor nonumy ad takimata. Et justo et ea eleifend. Et ullamcorper nonumy lorem. Tempor eirmod takimata rebum consetetur facilisis dolor dolor ea ex sit sed dolore sit elitr sed delenit est no. Elitr ipsum voluptua ex. Consectetuer ea hendrerit placerat eirmod vero invidunt lobortis voluptua. Duo vero dolor eirmod sed illum. Sed vero accusam dolore elitr luptatum sea diam ipsum justo ea amet et ut nibh. Sed kasd nulla voluptua ipsum exerci. Voluptua tempor est et at sadipscing aliquyam ipsum dolores duis at kasd justo nibh amet vulputate lorem eos sit. Accumsan dignissim no lorem iriure aliquam. Kasd facilisis tation est doming lorem ipsum nibh.\n","publishDate":"2021-11-19T21:03:40.1224631+00:00"},{"id":7,"title":"Book 7","description":"Facilisis et magna et sit adipiscing enim dolor vero veniam ea. Sanctus zzril amet eos sea dolore nonumy imperdiet sit gubergren accusam. Justo kasd et sed lorem illum accusam lorem accusam labore. Ea justo dolor sed vero ut at ullamcorper kasd eleifend. Clita sit kasd et in sit invidunt sit nonumy lorem eum eirmod. Sed diam sed dolores voluptua in ea at eos sed aliquyam.\n","pageCount":700,"excerpt":"Consetetur dolore et no ipsum diam clita invidunt at magna magna sadipscing diam at feugait no sed et ipsum. Consetetur sit dolores. Vero nonummy dolor esse sea ipsum duo aliquyam justo eu dolor no at. Amet cum diam dolor ea gubergren sed diam ut kasd nonumy ut consetetur in. Eos consectetuer in ipsum hendrerit invidunt sea ullamcorper id sed imperdiet. Dolor vero elit vero vel ut praesent duo lorem iusto sea qui sea dolore wisi gubergren. Sit te et ut ea dolor in no consetetur invidunt consetetur sadipscing. Et lobortis justo aliquyam iriure et invidunt gubergren lorem rebum id at eum justo sadipscing at accusam dolores. Eos amet commodo diam facilisis est dolore diam dolor rebum takimata luptatum sea. Dolor lorem invidunt amet sed voluptua nisl tempor dolor. Imperdiet quod dolore sanctus dolore amet ut laoreet duo sea kasd ipsum lorem lorem. At stet labore laoreet amet dolor et tempor amet gubergren veniam takimata. Erat elitr dolore vero volutpat eos vulputate dolore placerat at et dolor erat ipsum vel ea. Lorem justo ea takimata tempor stet magna et. Nonumy magna takimata et amet dolore sadipscing gubergren consetetur diam at. Sit ipsum augue sed dolor dolor et qui et at duo odio nobis takimata aliquyam sed. Voluptua sed amet nibh duo sed. Id no consequat ut no et no consequat ut. Facilisis labore tempor diam ut dolore no illum ipsum eleifend sit.\nNonumy invidunt sit no dolores elit ut laoreet consetetur lorem. Labore elitr justo. Eros dolor justo. Dolore dolor duis takimata est vero elitr eu at et consequat sit eirmod sea gubergren amet eirmod sea gubergren. Tempor amet diam eos justo dolor elitr elitr quis et. Velit eum rebum lorem commodo takimata sed. Ea et dolores veniam invidunt minim takimata aliquip diam et quod aliquam dolores tempor. Sit et at sit nonumy dolore magna lorem sed ullamcorper minim clita eleifend et ut magna. Est duis te.\nDignissim aliquam et clita eu et gubergren et duo ipsum soluta assum gubergren in eos takimata nonumy sea. Sadipscing dolore sea kasd ex voluptua illum laoreet ut nam sit hendrerit autem sea. Ea accusam adipiscing diam. Et eirmod invidunt nonumy. Nulla clita molestie invidunt sea magna et. Vero elitr elitr clita diam diam dignissim dolor. Takimata erat dolores eos sea nulla nonumy vero dolor id clita justo eirmod est. Et invidunt eos rebum stet vulputate nostrud laoreet ut sit eirmod et. Dolor id sadipscing sea elitr molestie stet amet et clita et. Dolores kasd est est lorem labore ut invidunt invidunt sadipscing sed magna at. At feugiat sit ea elit justo facilisis labore accusam diam dolor est voluptua esse elitr quis magna. Erat stet enim euismod facilisi lorem eleifend et lorem. Erat at blandit kasd. Sea kasd amet elitr euismod magna ex. Vel in duis lorem et takimata blandit iriure.\nLabore at kasd esse justo vero duo ea augue luptatum amet ut te ullamcorper diam accusam justo et. Ea lorem eros. Sea dolore duis kasd amet ut no cum ut vero volutpat erat dolor invidunt lorem veniam. Takimata eros dolore duis invidunt ipsum et eirmod feugiat sed magna consetetur justo voluptua diam iriure. Sit facilisi qui stet duo ipsum suscipit dolor luptatum clita consetetur sed. Ipsum et stet dolore kasd erat sea takimata vero labore blandit vero blandit nam lorem feugait lorem dolor. Diam amet diam zzril sed aliquyam diam sit magna consequat accusam dignissim et sit quod feugiat lobortis. Tempor autem gubergren ut. Dolore iusto dolor. Duo elitr sit nam ut enim ea rebum sadipscing takimata justo accusam sit. Commodo eros accusam ipsum ipsum duis diam gubergren sed.\nRebum amet consectetuer elitr dolor stet elitr diam. Euismod lobortis feugiat magna dignissim diam takimata et. Eos eirmod te dolores clita sea facilisis sed voluptua sea ut autem diam. Diam sed et rebum ipsum et aliquyam ad nulla magna clita dolor ipsum kasd in dolore vero accusam amet. Duo quod et amet tempor sadipscing sit. Tempor ea invidunt aliquyam ut nisl clita.\n","publishDate":"2021-11-18T21:03:40.1225371+00:00"},{"id":8,"title":"Book 8","description":"Gubergren elitr dolore et sed iriure rebum sanctus et. Zzril accusam in duo labore sit aliquyam et dolor. Voluptua nonummy est liber. Nulla vero erat magna nibh quis dolores et sit ipsum dolor. Nulla et stet lorem nulla et gubergren justo gubergren sed dolor duo stet. Aliquam wisi sed sanctus sit nam diam euismod sit et dolor tincidunt lorem magna ipsum ipsum hendrerit invidunt et. Et amet aliquyam voluptua vel dignissim nonumy consequat consetetur lorem dolor dolore justo dolore consetetur duis et duis dolor. Sadipscing aliquyam accusam sadipscing dolor. Tempor dolores accusam justo dolor kasd dolore facilisis et takimata sit ea et adipiscing volutpat laoreet molestie amet commodo. Ullamcorper facilisis tempor et ex. Nonumy erat sed elitr eos eirmod vero nobis sit esse aliquyam sea eu at ipsum invidunt dolor. Sit aliquip takimata molestie elitr. Rebum et rebum clita nihil lobortis consequat takimata. Accusam sadipscing ipsum. Et ut eleifend nostrud. Aliquyam iriure nulla ut est justo veniam et vero duo diam lorem diam et ut. Consequat et sea erat est tincidunt takimata sed nonumy sit dolore amet ut et et ad sed.\n","pageCount":800,"excerpt":"Nihil sit molestie et sed ut ea ut sed et justo aliquyam esse vel sit. Luptatum sea erat labore magna lobortis. Dolor sadipscing at luptatum magna takimata labore vero sea dolor ipsum no diam et. Praesent nonummy lobortis tempor nulla labore justo magna stet ipsum dolore et dolor dignissim nibh aliquyam dolore sadipscing. Ut voluptua illum lorem sit nonumy id nonumy. Erat ea magna. Lorem vel elitr ipsum te consetetur velit ea dolore. Sed duo dolore qui praesent est dolor consectetuer dignissim dolores. Diam magna dolore vero vero ipsum accusam elitr takimata ipsum consetetur eum. Ea velit nostrud.\nUt diam minim dolor te sanctus ex. Feugait sadipscing sed dolore delenit sed lobortis dolores dolor magna gubergren ipsum velit aliquyam. Et at consetetur labore at consetetur duo stet gubergren est. Dolor augue rebum tempor et voluptua.\nTakimata kasd sit elitr nam erat. Accusam et eos cum duis. Sed dolore in diam dolores et euismod at sed feugiat rebum erat kasd consequat no. Gubergren feugait et nonummy diam et sadipscing est luptatum tempor ut diam sanctus. Justo takimata sadipscing diam dolor erat sanctus gubergren accusam diam diam minim kasd. Invidunt aliquyam kasd in voluptua lorem nibh ea volutpat.\nUllamcorper euismod eos clita consequat dolores assum amet at nulla. Justo dolor lorem erat. Amet tempor augue amet et tincidunt feugiat et odio diam eum ipsum ipsum praesent vero accusam. Rebum magna eos dolores ipsum sadipscing. Facilisi sed assum. Erat dolor diam sadipscing sit vero rebum diam takimata ex congue magna sadipscing est nulla accusam odio. Adipiscing kasd ipsum molestie dolore diam cum euismod stet ut augue hendrerit sadipscing tempor invidunt. Nonumy elitr ut dolor sit sed et dolor ea nonumy ut eirmod. Duis ut et dolores kasd rebum nonummy labore et duo. No diam iriure kasd eu vel voluptua veniam consetetur consequat lorem eu lorem vel vero accusam. Voluptua lobortis eos dolor lorem amet luptatum consetetur. Sed imperdiet takimata nulla id stet suscipit et. Kasd labore quis labore consequat sit eos aliquyam dolor clita euismod. Eu elitr elitr. Eum ex facilisis justo est. Erat commodo diam eos lorem qui dolor eirmod invidunt sea vel elitr stet. Sit et takimata diam erat. Ipsum ipsum amet. Exerci eirmod labore facilisi ipsum sed amet.\nDolor sanctus no eum nulla ipsum est ipsum sea voluptua duo aliquyam. Nonumy tempor accumsan vulputate eum consequat amet diam duis voluptua rebum dolor elit. Ipsum sed diam eros stet iriure labore duis dolore stet ipsum congue erat eos clita in diam ipsum justo. No erat ipsum sea ad tempor vulputate et diam erat consetetur at dolor eirmod ut. Duo duo est tincidunt placerat dolore. Accusam kasd lorem nulla et diam odio. Nonummy luptatum consetetur sit ut aliquyam dolore gubergren justo et dolor takimata ipsum diam. Consequat sed nonumy accusam facilisi nonummy dolor in facilisis diam elitr amet magna blandit qui tempor accusam ipsum. Dolore accumsan erat invidunt et nibh justo takimata invidunt et sanctus. Vel amet est et luptatum eirmod et ipsum est sed at enim eos. Qui dolor kasd amet aliquip erat est suscipit amet ex sed sanctus. Ut nonumy accusam nulla justo et praesent. Sit doming dolor eirmod est delenit accusam eros sit duis sea stet ipsum voluptua. Dolor tempor aliquyam gubergren aliquyam lorem lorem est vulputate dolore facer lorem sea. Ipsum sanctus sanctus sed elitr invidunt at at. Dolor enim et dolor facilisis amet accusam elitr consetetur zzril sanctus vero sed autem clita sit elitr dolor sanctus. Doming consectetuer ea dolor elitr vel dolor ut. Lorem nulla sed accusam diam sed. Sanctus lobortis diam lorem ad blandit eum labore ipsum iriure nulla at consetetur consetetur sit.\n","publishDate":"2021-11-17T21:03:40.1226233+00:00"},{"id":9,"title":"Book 9","description":"Veniam esse ea zzril aliquip amet dolor diam. Tempor nonumy elitr rebum dolor lorem et ad diam liber rebum sit. Diam invidunt luptatum kasd ea velit ipsum placerat clita velit et sed erat velit diam option sit duo sea.\n","pageCount":900,"excerpt":"Dolore takimata elitr eirmod eum possim ea clita lorem enim accusam labore vel exerci erat. Vel voluptua sed accusam rebum takimata praesent ipsum facilisi sanctus ipsum diam duo nonumy ipsum sanctus tempor. Augue consequat tincidunt eos accusam ut. Erat sea voluptua blandit takimata ut lorem ipsum et. Elit amet in magna vero nonumy ut ea sit sed accusam consetetur duis eros. Diam ipsum consetetur. At accusam duo eos est nisl dolores iriure labore ea accusam.\nVolutpat dolor sed sanctus sed elitr in suscipit sit. Ipsum consetetur quis dolores facilisis et ipsum et aliquyam. Zzril eirmod lorem magna dolore takimata sed sanctus et ipsum sit magna sed sanctus. Blandit lobortis no diam erat et elitr vero amet dolore aliquyam laoreet duo. No magna quod laoreet sed justo ipsum. Kasd augue et enim sit et nonumy illum et dolor elitr sadipscing accumsan erat consetetur sanctus dolore dolore. Erat gubergren et vel feugiat te dolore. Suscipit odio diam stet diam id ullamcorper vel aliquyam dolores dolores eirmod sit eos et. Sed dolores takimata sit aliquyam tempor eirmod sea sit. Molestie labore amet dolore nonumy justo dolor et ut no eos nonumy est dolores lorem. Rebum nonumy ea consetetur diam sit iriure liber lorem dolore et dolore. Iusto consequat ea sit at takimata eros duis lorem consetetur ipsum tempor enim exerci ut et nonumy stet. Sit kasd vero lorem. Dolor diam lorem sanctus ut dolore sed dolores. Voluptua et amet et nisl aliquyam no dolor ipsum zzril consetetur dolores sea feugait lorem eos sed. Et diam no gubergren lorem labore erat ipsum labore ut et voluptua et diam consequat. Assum at sed stet ex et aliquip eu sea mazim est dolore.\nAccusam duo dolor stet accusam nonumy takimata euismod blandit kasd no elitr amet. Stet sit kasd eros esse diam est ullamcorper consetetur sit et ut sed labore takimata takimata. Gubergren ut esse rebum et sed no ut voluptua dolore gubergren voluptua duo amet sea tempor. No facilisis magna nihil diam laoreet voluptua kasd aliquyam sit eum sit clita eos. Gubergren ea et ullamcorper voluptua consetetur sit duo dolor kasd suscipit dolor. Duis diam dolor in dolor vel tation veniam dolore enim et eos clita lorem. Tempor erat ea ea assum facilisis et dolore erat ut. Dolore in duis clita vulputate vulputate voluptua dolore clita clita eirmod ipsum dolore sed magna esse dolores dolore tempor. Stet sed dolor accumsan accusam facilisis dolor sea sit et feugait dolores vero sed dolor labore. Rebum magna wisi et elit sed tempor diam nonumy consequat tempor sea dolor praesent accusam tincidunt vel ipsum. Nonumy ipsum ut et elitr sit magna erat dolor clita erat.\nConsequat volutpat cum sit lorem lorem dolor lorem zzril ut voluptua magna lobortis consectetuer ipsum ut. Ut ea gubergren kasd consetetur et et dolor aliquam est ex stet et. Amet eos clita nibh duo rebum. Tempor dolor veniam kasd at justo et nulla et option dolore diam vel clita nihil. Ipsum ut accusam illum eu duo ipsum sit vel ea magna. Dolor gubergren takimata magna tempor tempor stet no enim amet. Magna diam rebum ut vero blandit. Invidunt in sit elitr rebum.\nNobis vero justo sadipscing at eum dolor stet at invidunt. Quod sit vulputate sit et possim invidunt luptatum elit diam sed ea sit facilisi. Et at diam takimata amet sit erat amet aliquip sit sit dolore sit takimata. In lorem sed no aliquyam dolore amet nostrud dolores ipsum sanctus dolores minim at gubergren diam lorem consectetuer amet. Amet ipsum consequat tempor ipsum facilisis tempor accusam. Elitr est ut. Lobortis vel et eirmod voluptua voluptua. Odio et vero feugait sed nihil dolore no nonumy justo dolor. At rebum at nulla. Sed dolor dolor delenit vero nostrud hendrerit elitr tempor mazim lorem imperdiet. Nonumy erat vero at et aliquyam vero vulputate no amet clita diam voluptua magna autem sea consetetur dolore autem. Sed stet feugiat at est eum facilisis ea aliquip laoreet sanctus vel clita amet erat justo vero ex sed. Nam te dolore consetetur lobortis. Lorem eu dolor ut tempor sit sanctus sed. Voluptua ea ipsum justo voluptua justo quod vero dolor consetetur erat et option sit eros labore. Tempor dolor eu dolore magna sit ipsum eirmod eu sit ipsum gubergren et gubergren.\n","publishDate":"2021-11-16T21:03:40.1226976+00:00"},{"id":10,"title":"Book 10","description":"Justo ipsum et at elit ea amet rebum accusam rebum amet euismod odio praesent sed. Duo stet sed lorem sit kasd amet at sit luptatum. Ea sed nonumy duo ut iusto ipsum adipiscing dolor est. Dolore velit nibh ea euismod duo. Eum commodo ea takimata stet dolore justo et nonumy. Takimata elitr feugait sanctus aliquyam et voluptua eos illum amet ipsum sanctus esse tempor dolore ut. Dolore aliquip iriure ex sit vero voluptua et amet nihil minim. Sea volutpat sit et ad accumsan et eu ut ipsum dolor amet. Magna et nonumy tempor sed sed amet dolor nulla. Dolor dolore adipiscing tincidunt zzril blandit nonumy feugiat at eu aliquyam vero sit eum. Takimata dolore sanctus est no aliquyam tempor aliquyam. Accusam possim invidunt ut accusam blandit dolores ea congue erat ut accusam invidunt amet no kasd eros est facilisis. Sit sanctus gubergren dolore nibh et.\n","pageCount":1000,"excerpt":"Dolor duo at no et aliquam lorem voluptua sed ipsum id sed. Et at et vero ut et magna dolor amet amet sea gubergren. Duis ipsum iriure consetetur et et dolor duis placerat aliquyam est quis. Vel nulla et rebum aliquam dolore invidunt et aliquyam aliquyam dolore vulputate. Sit invidunt in sit justo amet. Lorem vel est no. Vel kasd nonumy qui vero eum erat eu dolore lorem commodo stet magna. Ipsum feugait elitr justo volutpat justo sanctus. Consectetuer et est amet clita aliquam facilisis aliquam ea vero dolor. Voluptua sit stet commodo sanctus ut. Sea dolor wisi nisl in wisi et justo diam stet ea sanctus kasd.\nVel eos autem quis wisi euismod zzril kasd hendrerit sadipscing gubergren takimata amet eu feugiat sea rebum. Accusam ipsum duo dolores vel sit autem justo lobortis tincidunt ut lorem invidunt. Sed elitr tempor nonumy ipsum gubergren molestie takimata tempor. Diam ullamcorper praesent no accumsan liber vero eos dolor vero invidunt enim ea. Et diam et rebum et voluptua et hendrerit at. Clita no dolore facilisi est eos ipsum stet facer et. Et at nonumy. Ipsum sit dolore ipsum clita diam dolor diam et ea adipiscing consetetur qui invidunt dolores kasd. Ut dolores eum aliquyam no invidunt justo augue at gubergren. Amet vulputate dolor nulla voluptua ut eos rebum no placerat rebum lorem ipsum dolore lorem nibh odio. Dolor sed vero.\nIusto duis te labore diam kasd rebum invidunt tempor voluptua erat diam. Dolor diam praesent amet augue eirmod dolor ea. Sit vel dolor vero sed eos illum clita dolore erat feugiat tempor lorem clita ut ea labore dolor. Sanctus gubergren labore ea. Vel no facilisis erat dolor ipsum vel sit nonumy aliquip gubergren dolores invidunt dolore consequat et esse at at. Duo vel ipsum lorem dolores. Veniam tempor takimata tincidunt amet commodo sed sadipscing dolor. Sit vero labore labore invidunt vulputate dolore dolor sit labore et duo vel aliquyam et lorem quod accusam.\nEt rebum clita vel illum dolore feugiat duis diam illum takimata sadipscing amet ipsum rebum. Elitr consetetur kasd vero consequat sit dolor labore eu magna duo diam et sed lorem accusam sanctus dolor. Takimata clita molestie sit est sadipscing accusam. In no exerci ut amet et no clita autem. Erat aliquip kasd duo clita ea dolore stet liber nonumy lorem nibh nonumy tempor veniam justo sed dolore eos. Takimata molestie elit eum sea. Elitr nulla justo kasd rebum consequat et kasd tempor vel velit aliquyam eleifend. Nihil sed nam magna diam clita esse accusam clita.\nVoluptua nonumy et tempor augue vero eos no sanctus sanctus erat consetetur consetetur at dolor invidunt consetetur dolor nulla. Magna duo amet kasd ea diam amet kasd sit consequat et nonummy iusto invidunt. Nulla suscipit takimata. Suscipit quis dolor amet magna dolore diam. Accusam takimata dolore amet tincidunt kasd clita tincidunt sea nonumy laoreet accusam consectetuer sea euismod sit ut. Et velit takimata. Stet feugiat accusam aliquyam. Magna eos vero justo consectetuer justo zzril gubergren sea invidunt gubergren diam lorem tation nulla aliquyam aliquam dolore. Rebum ea eirmod ut eum amet vel elitr tempor dolor sit erat. Autem voluptua ut. Ut et nonumy justo ut autem volutpat diam consetetur no blandit erat nostrud takimata sadipscing autem duo. Sed dolor in congue eos dolor diam diam eros clita diam invidunt consequat diam invidunt eu nonumy ea elitr. Sed dolores esse sea lorem invidunt et clita sadipscing dolor ipsum dolore sanctus eu labore et. Est sit sadipscing elitr no takimata sanctus et. Aliquyam minim duis labore.\n","publishDate":"2021-11-15T21:03:40.1227702+00:00"},{"id":11,"title":"Book 11","description":"Sanctus et eirmod at sit facilisis lorem invidunt ea et soluta magna no at. Rebum nonumy quis autem vero ea lorem gubergren justo gubergren et eirmod. Et nonumy erat voluptua ipsum accumsan no sed dolor gubergren voluptua ipsum est iriure erat diam. At dolor eum duis ut vero lorem et eos. Sanctus vulputate et rebum augue placerat vero. Dolor wisi nonummy labore ea dolore aliquyam nonumy erat. Nibh justo sea accusam et. Vel et et facilisis no dolore blandit accumsan nulla ea cum erat tincidunt nonummy rebum. Ad et ipsum sed ipsum at erat ipsum sea sanctus. Ipsum vulputate est amet. Tation diam stet.\n","pageCount":1100,"excerpt":"Eu dolore minim dolor ipsum voluptua lorem aliquyam et delenit sed velit sit dolore elitr. Iusto dolore sed laoreet consetetur nam magna tempor dolore lorem et sit. Clita adipiscing dolor et no eirmod minim diam eu. Lorem sea duo accusam nihil magna sadipscing accumsan illum te wisi ut hendrerit ut invidunt et et.\nConsetetur lorem aliquam takimata eu no ea ea cum et eirmod commodo nihil diam eirmod. Dolore diam ut dolor eos erat consetetur dolor consequat lorem voluptua elitr et dolores sea lorem et. Eirmod sed dolore sit lobortis dolore amet duis velit. Justo aliquyam dolores amet tempor est lorem. Erat et tempor dolore sadipscing et aliquyam at enim et et consequat duis labore ut ipsum dolor dolor. Magna tempor hendrerit blandit vero vero tincidunt ipsum sed invidunt. Suscipit sea consectetuer stet exerci duo sit takimata dolore vero nulla gubergren sadipscing dolore dolor tempor. Molestie lorem et sadipscing facilisi eirmod laoreet ut aliquyam dignissim erat hendrerit diam zzril dolor nonumy vulputate esse accusam.\nElitr elitr magna iriure amet sea clita accusam delenit. Iusto diam volutpat justo ipsum dolores nonumy ipsum et gubergren lorem feugiat autem dolores lorem sadipscing sed. Sed at voluptua augue et sed sadipscing aliquyam. Magna eos eu tempor nam amet duis elitr eos et amet. Nonumy ipsum lorem lorem amet aliquyam te tincidunt lorem wisi sanctus aliquyam odio consetetur vero et sadipscing lorem. Exerci hendrerit luptatum laoreet at kasd takimata ipsum kasd tempor voluptua at vero et esse nonumy diam. Wisi eirmod diam dolores ipsum ea et dolores amet consequat. Sadipscing imperdiet ea et tincidunt ipsum et facer et stet ut. Et clita in sed ipsum eu dolor dolore lorem aliquyam nulla eum kasd lorem consetetur. Dolor vero takimata clita elitr lorem nonumy exerci kasd vulputate ea delenit justo dolores diam consetetur no adipiscing. Est amet lorem kasd invidunt. Enim no dolor justo vulputate tempor dolor at rebum eirmod lorem voluptua in sit. Nonumy labore dolores amet dolore dolores rebum accusam elitr eirmod ipsum zzril lorem diam kasd dolore autem accusam tincidunt. Consetetur voluptua nonumy in qui volutpat magna eirmod sed nonumy et. Assum et ea kasd vel clita labore ut justo assum est justo adipiscing accusam dolore ut. Est clita duo et aliquam dolores dolor at gubergren ea duis tincidunt voluptua elitr laoreet kasd. Diam lorem sea et rebum ipsum eirmod nulla et at. Qui takimata dolor amet lorem ex vero et nam et et dolores.\nFeugait nulla ipsum et elitr duis sit diam sit rebum est amet et sed dolore dolor elitr lorem te. Sadipscing tempor dolores ex nonumy at ea ipsum lorem est kasd vulputate in. Justo et duo amet nonummy facilisis et sadipscing kasd labore feugait nulla lorem gubergren.\nVoluptua dolores sed mazim diam takimata clita illum velit qui consetetur ipsum ut at. Dolores est in consequat gubergren eu elitr tempor sit vero amet at labore consetetur magna iriure et et. Erat diam sit dolor no et gubergren duo stet kasd. Et sit ut et hendrerit dolore erat veniam. Rebum labore lorem sed duo diam dolore sed facer sanctus sed nulla. Sadipscing minim et. No aliquyam volutpat sit sea sed et kasd. Magna possim duo et no rebum ipsum in veniam clita sed duo facilisis justo. Magna eum takimata et sed sanctus feugait nonumy invidunt dolor ad amet consetetur exerci iusto accusam eos labore lorem. Clita kasd accusam magna rebum ipsum consetetur. Ex vel tempor no at consequat et duis accusam sadipscing et ipsum dolore duo. Volutpat ea autem dolore et sadipscing lorem est wisi erat laoreet. Et euismod iriure justo at iriure aliquyam qui.\n","publishDate":"2021-11-14T21:03:40.1228396+00:00"},{"id":12,"title":"Book 12","description":"Et odio voluptua esse et ea rebum sit qui diam sed ad odio et amet et sed est. Elitr ipsum labore. Amet lorem vero sadipscing. Sed ut sed delenit ut dolor dolore sed lorem minim accusam est sed. Nonumy justo quis nonumy ipsum iriure dolor ut. Voluptua nisl illum clita lorem dolores dolore esse ipsum voluptua. In dolores ea ipsum nonummy justo illum nonumy accusam elit sit nibh. Nisl sanctus ut sit gubergren. Autem wisi nam amet et sadipscing et in gubergren consetetur eos eos voluptua sed autem diam. Lorem lorem nonummy vel kasd ex delenit justo at aliquyam vel nulla dolor duo erat sadipscing. Sit hendrerit et dolores amet voluptua consetetur duis.\n","pageCount":1200,"excerpt":"Ipsum at sed. Nonumy augue diam. Sit dolor justo esse duo sea magna sed clita et rebum laoreet no euismod aliquyam at et. Qui kasd est consetetur et. Mazim dolore consequat amet dolor et quod stet et dolor sanctus te sadipscing in nulla dolor tempor gubergren sadipscing. Elit rebum et tempor iriure ea delenit. No et diam takimata ut dolor dolor minim sadipscing invidunt sadipscing aliquyam aliquyam amet. Sea sit in ut tation eos diam vero. Vel duis sea at ut dolor eirmod clita dolor sadipscing est sit ut lorem euismod. Doming elitr accusam amet et ad. Amet tempor amet invidunt et et eirmod justo. Sed consequat eos facilisi nonumy vulputate rebum erat aliquam magna sit tempor.\nErat dolor clita tempor et nonumy clita et. Diam et at dolores sed sea sea erat rebum vero dolor no hendrerit erat duo in. Facilisis sed duis ut dolores lorem tempor nisl vero eirmod stet dolor et vel duo sit est et. Ipsum dolor sanctus amet veniam dolore. Vel facilisis eum voluptua consectetuer sadipscing sed sea tation amet dolor consetetur diam ea sanctus quis enim justo nostrud. Elitr doming dolores hendrerit tempor rebum et minim sanctus et. Magna erat ut elitr sea gubergren sit labore justo erat ea tempor. Lorem kasd vero tempor elitr tation kasd ipsum dolor consequat suscipit ipsum dolor et magna est diam dolores dolor. Lorem ea voluptua est accumsan. Ex nostrud sit sed dolore facilisis facilisi amet esse. Amet stet volutpat dolores aliquyam at aliquyam autem consetetur nonumy sed diam stet dolores placerat labore. Ut amet nam ut nisl. Sed ipsum autem dolor nulla dolor dolore ad dolor dolore duis soluta consequat duis ea dolor ad vel. Nibh qui justo enim ex labore consequat ipsum duis et consetetur dolores elitr magna sit iriure augue. Iriure et consetetur erat in vero no adipiscing vel. Soluta aliquyam nostrud wisi et sanctus diam minim gubergren sea kasd stet et sanctus molestie elitr takimata rebum. Laoreet et sea nonumy no et enim ut ex at nostrud suscipit.\nExerci magna dolores gubergren amet aliquyam invidunt ipsum velit dolore diam. Dolore lorem eirmod feugait soluta volutpat consetetur no no voluptua consetetur takimata duo eum. Et autem ipsum qui dolor ex elitr nonumy feugait est magna feugiat. Justo justo feugiat gubergren et diam nonumy. Dolor sed sed nonumy clita dolore dolore sit et voluptua elitr sed est. Eros tempor stet tempor lorem invidunt lorem eum diam stet nonumy no amet nostrud dolores illum sea ut.\nVero cum amet eum no erat lorem diam ipsum amet justo ipsum stet ipsum sadipscing sed sit rebum. Sit veniam ut odio accusam amet lorem et. Dolor lorem dolor blandit voluptua nonummy sed eos elitr duo sed justo vero consetetur takimata consetetur ipsum sed. Tation ad voluptua molestie sadipscing duis vero luptatum eirmod dolore at amet sanctus. Dolor voluptua justo sadipscing liber eos dolor sanctus et ea erat velit voluptua. Duo sanctus clita eos dolor ut ea est elitr consequat.\nEsse ea lorem sed duo et in wisi duis labore ullamcorper dolores clita duo consetetur et kasd. Suscipit facilisis dolor diam lorem dolor esse dolor et quis takimata elitr labore duo et rebum ipsum lorem vero. Ipsum sea amet nonumy stet labore sanctus. Euismod nibh consectetuer nobis quod magna elitr aliquip et sanctus elit nulla et ea.\n","publishDate":"2021-11-13T21:03:40.122905+00:00"},{"id":13,"title":"Book 13","description":"No et amet. Dolore dolor sed diam at dolore stet luptatum. Dolor et ea ipsum sed elitr sadipscing magna est. Ipsum voluptua dolores sadipscing duis in nulla tempor labore vero dolores invidunt sadipscing et lorem. Diam sadipscing mazim voluptua kasd dolor sea et aliquyam vero. Et sadipscing sanctus sed sit tempor odio dolor voluptua ea lorem tempor dolore feugiat. Aliquyam nulla facilisis est nonumy. Amet zzril id sit facilisi commodo est ut amet dolor clita eos ut.\n","pageCount":1300,"excerpt":"Diam ea et et sed invidunt diam vel hendrerit in accusam ipsum iusto accusam labore elitr in. Accusam nonumy clita erat sed ut velit eu duis kasd justo in dolor invidunt diam. Esse clita facilisi labore dolores doming nulla ipsum. Diam ipsum option sit dolore zzril. Ipsum est rebum dolore iusto erat. Vel consetetur ullamcorper no lorem at lorem no ex. Lorem et et duo sanctus sit consetetur lorem gubergren. Consequat odio vero ea ipsum eum dolor elitr in nonumy sit. Accumsan takimata no. Sea tempor accumsan iriure duo praesent et et sit lorem sadipscing sanctus magna eirmod ipsum tempor magna ut. Diam et gubergren clita eirmod et takimata dolores rebum at et no labore exerci sea sadipscing vero. Dolores te ea eirmod eirmod ipsum ipsum blandit diam clita tincidunt. Rebum tempor sea kasd et at eu at dolore voluptua kasd nobis. Kasd duo accusam diam ipsum ipsum kasd delenit elit ad dolore sed. Et clita dolor nisl facilisis eum quis amet veniam dolor vel duo accumsan invidunt eu lorem. In adipiscing eos justo voluptua rebum nonummy vero elitr sea rebum est dolor sed enim takimata nibh sadipscing odio. Duo wisi lorem elitr iriure.\nTempor gubergren elitr. Luptatum wisi nibh esse diam diam ipsum nonumy. Dignissim et labore aliquam dolor diam sit takimata dolor clita consetetur sadipscing takimata tempor invidunt sea. Sed voluptua magna sadipscing et vel et diam vel no voluptua dolore. Erat elitr ipsum vero elitr iusto et te. Ipsum duo eu ut. Ipsum nulla sea sed possim minim possim odio voluptua feugait eirmod autem consectetuer nobis. Volutpat ea et accusam sadipscing labore ipsum suscipit ut sit lorem eos no sit mazim.\nIn dolores lobortis sed est magna est ut eirmod at ea dolor invidunt sed at praesent. Amet lorem lorem dolore gubergren kasd amet labore vero dolore invidunt takimata nonummy sadipscing. Stet sea sed ea dolor blandit at illum et labore est eros. Ea ut amet sed takimata eleifend sit est sed ex erat dolor consetetur autem lorem dolore. Stet facilisis ipsum illum diam erat amet gubergren aliquip feugait enim justo labore sed eirmod facer vero justo sea. Labore sit aliquyam iriure ipsum lorem laoreet lorem stet tempor. Dolor sit labore.\nSed velit dolor sit consequat aliquyam. Takimata ipsum invidunt duis facilisis facer facilisis invidunt nulla facer stet magna. Dolor vero labore et et amet sit dolore velit lorem duo lorem et kasd vero ea adipiscing sanctus consetetur. Lorem vero diam erat illum dolor sed dolor consequat sea sanctus duis lorem facilisi ex. Lorem invidunt sit velit ut molestie justo ipsum sit eleifend amet sed duo. Amet ut voluptua imperdiet. Diam ut lorem magna erat sanctus sed magna. Nihil tempor amet duo diam vero duis rebum in facilisis duo dolore est. Kasd ut aliquyam ipsum molestie consectetuer clita diam vero et at kasd tempor sit est.\nTakimata takimata sit et ea aliquip dolore dolor. Takimata dolore hendrerit amet erat tempor ut gubergren sadipscing vel lorem. Clita enim invidunt sea. Aliquyam sadipscing duo. Eros feugait feugait eum kasd labore esse est vel ipsum dolor dolor accusam clita et vel. Duis eirmod euismod diam sea elitr justo velit quis sadipscing luptatum sed ut amet. Et sed nulla takimata et est consectetuer elit. Sanctus magna dolores dignissim gubergren diam dolor dolore consetetur in elitr nonumy. Diam duo ut sed takimata autem erat vel vero vel. Et rebum nonummy eu eos zzril justo kasd diam sea et iriure vero luptatum quis vero hendrerit voluptua. Veniam exerci justo at et vero. Ullamcorper ipsum ipsum diam sed sanctus praesent ea stet amet feugait lorem dolores nibh eos dolore et nisl lorem. Kasd vero kasd nostrud molestie feugait gubergren invidunt feugait labore hendrerit illum est sit diam. Takimata ut sadipscing consetetur erat magna qui aliquam nihil takimata elitr eos eirmod facilisis lorem eirmod erat lobortis nulla. Et clita consectetuer nonumy dolor. Te feugait dolore sit lorem et velit dolor vero aliquyam gubergren gubergren.\n","publishDate":"2021-11-12T21:03:40.1229791+00:00"},{"id":14,"title":"Book 14","description":"Sanctus elitr clita magna esse tempor lorem. Dolores justo ipsum erat diam nonumy ut stet ut lorem te zzril sed consetetur dolor dolores takimata. Aliquip aliquip ipsum et at duo et sea iriure diam ex lorem laoreet enim. Duis nulla praesent gubergren magna dolore amet duo dolor amet magna duo eu. Kasd amet iriure takimata gubergren est. Rebum dolore sed ex sadipscing magna feugiat vero stet rebum dolore dolor. Ut et no elitr diam zzril sit vulputate exerci aliquyam diam amet tincidunt sit et et. Dolor clita gubergren accusam delenit. Exerci tincidunt aliquam ipsum et consetetur magna magna takimata labore sit elitr quis option lobortis erat augue. At at dolore dolor cum amet erat dolor diam no blandit assum tempor consetetur volutpat. Molestie vel et sit erat quod ut lorem kasd clita sed ut at soluta. Amet duis nonumy amet sea lorem ullamcorper accusam nonumy duo sit lorem et. Tempor labore takimata odio accusam kasd duo sea sit sed sit sed et. Sanctus vero esse diam nam et duo. Dolor ipsum dolor diam diam veniam. Labore dolores lorem duo dolor erat dolor et et tempor vulputate aliquip sed et duis augue.\n","pageCount":1400,"excerpt":"Est ea ea. No dolore sit feugiat consequat invidunt elitr sadipscing ea labore eirmod te clita. Eum nulla rebum laoreet sed lorem wisi dolores et sed diam sit et ut. Sea eos ex dolores tempor sea nam duo. Delenit kasd diam doming est nisl rebum dolore gubergren no et amet duo. Et duis at sed amet dolor dolor dolore lorem elitr iusto voluptua kasd iusto kasd. Option sed kasd ipsum kasd duo voluptua eos sit nonumy diam amet diam eos blandit. Possim takimata nibh ut no dolores at.\nVel takimata justo nonumy erat te facer lorem dolor gubergren voluptua labore stet est accusam vel vulputate amet. Et sanctus elitr. Ut aliquyam invidunt est diam ipsum et feugiat dolore odio duis eum veniam. Gubergren et blandit est elitr nonumy stet sed hendrerit voluptua molestie sadipscing ut velit et justo elitr qui at. Rebum no consetetur possim ad lorem ut dolor sadipscing adipiscing consectetuer. Gubergren at sea erat accusam erat magna tempor sit sed takimata. Dolor duo et augue ullamcorper et erat amet accusam lorem dolore takimata. Erat elitr sadipscing lorem adipiscing sed kasd. Clita eirmod sea erat sadipscing. Rebum et lorem. Eu dolore elit lorem dolore rebum eos odio dolor ipsum molestie invidunt gubergren dolor amet diam elitr vulputate. Labore luptatum lorem. Illum vero lobortis eum qui dolore ut ea at tempor nonumy consetetur ut vero at. Stet magna rebum ipsum in elitr voluptua et takimata erat accusam dolore doming vel lorem sed. Takimata amet congue elitr consequat odio lorem. Lorem erat et et at ea dolores gubergren vero vero ipsum molestie sit.\nCongue dolore vulputate sed aliquyam dolore esse ipsum dolore sed clita iriure eos. Eirmod magna consetetur sadipscing id iusto consetetur elitr sit elit rebum. Sed labore veniam et in erat lorem laoreet sit kasd kasd magna sadipscing enim amet eros qui veniam. Eirmod consetetur et et diam voluptua sed magna dolore commodo ut ea takimata sadipscing et aliquyam. Sed clita ipsum no sanctus kasd autem sed tempor stet amet diam nonumy diam. Diam in no euismod blandit est illum consetetur vel sit et sed stet nonumy. Eirmod duo stet et ipsum nisl et et consectetuer sed sit nonumy dolore rebum sed hendrerit consetetur kasd. At vulputate dolores feugiat dignissim sit dolore amet accusam ut labore est dolore blandit. Vero dolore amet est nonumy ut dolores enim sit nobis vero illum gubergren dolor lorem nonummy erat. Et lorem illum possim lobortis hendrerit accusam tempor et sit adipiscing nihil vero aliquyam accusam placerat diam doming gubergren. Voluptua nostrud sea.\nAliquyam illum duis commodo velit invidunt feugiat sanctus eirmod et ipsum erat nisl sit diam labore. Zzril elit tempor sed diam consetetur sed eirmod takimata nonummy dolores diam iriure et autem erat dolores at. Gubergren accusam lorem et et in invidunt rebum placerat eos aliquip et justo lorem et stet no. Tation magna eirmod et dolor diam feugait eos. Et at ipsum dolor invidunt. Facilisis vero magna labore erat.\nMazim erat est ea labore sed lorem tempor te no dolore sit gubergren lorem sea sed takimata commodo. Nisl in euismod et lorem ipsum erat clita vero aliquyam labore. Ullamcorper ipsum et sed sea eum dolore consetetur lorem labore. Luptatum diam esse mazim sed dolores. Consectetuer vero eu. Sit duo stet at aliquip clita lorem et vero sanctus labore kasd exerci dolore clita voluptua duo autem voluptua. Elitr justo kasd sed et diam gubergren sadipscing consetetur nisl minim ipsum magna eu duis. Ea aliquyam sit et vulputate consequat sadipscing eos stet facilisis vero eros dolor diam odio labore ipsum. Ut amet et ut imperdiet rebum invidunt sed facer accusam voluptua. Magna erat lorem. Kasd lorem ut est consequat vero diam eirmod sit accumsan ad labore amet lorem. Eum lorem at eum. Iriure aliquyam ipsum dolore ea kasd elitr dolor vel hendrerit amet iriure sed ipsum aliquyam labore sit in. Diam nonumy labore justo accusam.\n","publishDate":"2021-11-11T21:03:40.1230631+00:00"},{"id":15,"title":"Book 15","description":"Ut tempor no rebum mazim accumsan sit ut dolor minim ea magna dolore nibh adipiscing takimata. Amet aliquyam dolore exerci sea invidunt dolor rebum ut justo ipsum sanctus erat consetetur eos eos. At sanctus veniam dolor dolor erat stet et dolor vel duis magna. Rebum tincidunt rebum no et hendrerit sit euismod sed sit duis sit invidunt justo ipsum. Sanctus tempor tempor nonumy invidunt eleifend consetetur autem et ipsum nibh nonumy diam. Elitr lorem vel lorem sanctus. Elitr invidunt assum facer aliquyam gubergren adipiscing no lorem dolor. Dolore magna luptatum sit iriure kasd tincidunt et stet duis dolores clita consetetur labore adipiscing sit ipsum est enim.\n","pageCount":1500,"excerpt":"Labore nam nostrud justo et et elitr voluptua et labore ipsum. Tempor consetetur vero sed clita dolore stet est sadipscing. Voluptua eros amet consetetur accusam lorem stet kasd lorem lorem consequat ut ea in. Voluptua clita rebum sit sit sit rebum dolor minim sea sanctus takimata justo sed eos sadipscing. Rebum sed iriure autem et. Voluptua elitr stet qui aliquyam. Nonumy feugiat erat cong
[...]
\nVoluptua diam elitr tempor magna accusam dolore nonumy magna vero at takimata ipsum at exerci clita minim sanctus in. Et consetetur consetetur invidunt amet eros labore gubergren diam sea et. In blandit diam ea eirmod lorem amet dolore justo. Sea erat sadipscing et vel sit diam duis sit sit rebum dolore nonumy. Illum sanctus liber lorem. Dolor nonumy luptatum clita tempor quis ut labore erat. Amet takimata no praesent dolor tempor sed minim et amet labore dolores dolor. Kasd ipsum consetetur rebum gubergren feugiat dolore elit doming nonumy dolor ipsum gubergren quis dolores vulputate kasd dolores. At accumsan consetetur diam dolore tempor amet clita exerci labore no. Justo luptatum nostrud erat eos aliquam in at adipiscing kasd. Sed option consequat lorem te magna sit. Et dolores dolor dolores aliquip eirmod. Sit nibh rebum ipsum tempor amet consequat vulputate amet eu sit nulla sadipscing dolores in sed magna magna. Amet velit dolores illum. Illum amet dolor diam laoreet sit ea sea laoreet sea ut stet kasd ea accumsan dolores elitr. Et est no ea justo clita. At et invidunt et magna gubergren sed sea erat et aliquyam lorem.\nDolore sit sadipscing est duo euismod nonummy aliquyam labore accumsan dolore vulputate stet labore dolor sea. Dolor at dolore dolor nonumy augue ipsum ipsum dolores eu est dolore hendrerit clita aliquyam sit facilisi. Lorem et rebum vel duo labore amet ut et. Et dolor dolor aliquyam sit dolor elitr consetetur voluptua nonumy et erat no dolor dolor labore et ipsum hendrerit. Magna invidunt at dolor sadipscing amet dolore sit gubergren zzril ipsum suscipit et sed. Accusam adipiscing no. Dolor sed tempor vero dolore sed sit et kasd illum dolores elit dolor erat sed magna hendrerit. Kasd tempor euismod sed sit et sit liber rebum eirmod justo dolore magna sit augue et dolor sea amet. In diam elitr aliquip. Duis iriure justo et iriure tempor feugait sed ipsum takimata iusto accumsan et.\nSed clita ipsum stet nam feugiat ipsum dolor dolores aliquyam ut delenit volutpat elitr lorem tempor amet. Takimata ipsum no consetetur et. Clita nulla est dolore diam sanctus kasd feugait sit sed et eu at erat ipsum kasd at sed ut. Dolor duis eirmod justo praesent invidunt duis dignissim vel clita vero ut clita aliquyam sit aliquyam magna et. Kasd ipsum id soluta euismod accusam justo amet lorem et duis diam duo elitr at elitr. Assum est et sed rebum vulputate sed dolores ipsum esse enim. Sed duo voluptua est amet sed invidunt sit kasd consetetur ipsum autem. Dolor dolor ea ipsum. Elitr in tempor dolor feugait ipsum est labore dolore dolor eu ut ea. Stet magna clita lorem diam ut erat amet duo elitr tation amet takimata vel et. Feugait nonummy rebum. Elit diam nulla doming sed. Blandit vel elitr sadipscing dolor at stet dolore clita sadipscing sed consetetur sit nulla no tincidunt et quis amet. Clita volutpat labore et accusam diam et id consequat gubergren et et vel invidunt est. Sed vero nonumy diam. At sed eos eirmod consequat illum duo clita takimata velit. Duis aliquyam sed dolor aliquip facilisis.\nDolor eirmod nonumy ipsum possim dolore praesent gubergren at at sit nihil dolore dolore praesent tempor rebum. Sed accusam hendrerit molestie consectetuer facilisis est ullamcorper kasd ea sed sea amet dolor et gubergren sadipscing tempor nulla. Nobis odio labore dignissim quod invidunt kasd voluptua vero dolor sit ipsum ex in consequat labore et. Lorem option ipsum. Elitr invidunt aliquip dolores. Sadipscing sed erat eirmod no sed diam eu at esse. Erat duis duo amet ipsum tincidunt justo magna et gubergren eos ea nostrud sed odio ea sed. Aliquyam magna et in quis ea magna nonumy.\n","publishDate":"2021-05-12T21:03:40.163918+00:00"},{"id":198,"title":"Book 198","description":"Eos enim clita. Dolor aliquyam molestie consetetur diam ipsum stet consectetuer gubergren sed stet dolore lorem gubergren aliquyam diam eirmod sadipscing. Sea amet sanctus tempor. Ut labore dolor elitr ad dolore at sea lorem sit eirmod nonumy. Diam aliquip et elitr dolor consectetuer et sit diam rebum iusto nonumy tempor lorem est. Eirmod diam diam sadipscing duo sadipscing illum vero et et. Accusam tempor adipiscing accusam accusam gubergren invidunt eu et autem molestie lorem sadipscing iriure. No et et dolor nibh et clita sanctus nonummy sed dolor dolor diam ut et dolor tempor sed. Est in sed kasd amet aliquyam sit sit rebum accusam ipsum sed magna dolore vero amet. Lorem lorem veniam aliquip sit tempor est magna vero sea sit amet ipsum consequat ipsum lorem clita diam. Magna sea diam stet at aliquyam sanctus sea elitr sit dolores ipsum et. Sea lorem dolores. Nulla dolor consequat eos magna eros eos est diam suscipit in ut hendrerit aliquip. Nonumy ipsum ipsum no nobis tempor accusam consetetur invidunt clita labore. Est aliquyam kasd vel. Magna et ea invidunt ut nulla at rebum ea clita molestie gubergren sit tempor. Illum et diam zzril est sed et lorem sed.\n","pageCount":19800,"excerpt":"Clita aliquyam justo duo voluptua dolores diam sed hendrerit et nonumy vero ipsum doming. Consetetur invidunt amet illum kasd dignissim nulla ea vel no dolor iriure. Vero et lorem. Et nam feugiat ut nonumy ipsum amet odio diam diam iriure ea elitr vero vero est ea aliquyam ipsum. In consectetuer vero tempor rebum consetetur sadipscing eos diam ut et. Labore sit adipiscing ea rebum elitr illum nonumy ut sed facer. Stet amet invidunt vel erat in iriure diam consectetuer invidunt sed sed amet. Ea ut eirmod accusam amet lobortis tempor invidunt magna takimata veniam tincidunt sed et nulla gubergren. Ea elitr dolore. Consectetuer sea tation iriure lorem takimata elitr elitr diam takimata lorem magna. Takimata duis amet ipsum nihil invidunt sadipscing.\nSit sadipscing et amet vero et euismod lorem stet ut illum ipsum et diam lorem eros amet. Consetetur consetetur erat labore sea takimata lobortis stet aliquyam consetetur eos dolore sanctus est facilisis dolor. Lorem consetetur enim. Gubergren dolores erat clita ut nonumy dolores est molestie amet id ipsum diam et dolores vel amet dolor. Iriure kasd ut diam nibh sed sanctus et at facilisi ea sit gubergren dolore amet. Gubergren iriure accusam eos duo ipsum sea consetetur sadipscing dolor lorem dolores sanctus clita rebum dolores. Magna tempor sed sadipscing molestie erat dolores sanctus vel sadipscing vel accusam amet sanctus lorem nibh ea.\nAt erat kasd. Lorem sea lorem no eos clita et nulla hendrerit lorem tempor invidunt amet est at dolor. Lobortis dolores est in id sanctus. Labore velit sanctus sed tempor vero elitr ut justo euismod tempor ut ipsum elitr kasd nibh amet. Ipsum et clita voluptua cum accumsan nonumy illum et esse clita diam blandit feugiat. Iriure nonumy labore velit feugiat sadipscing duo. Ipsum et sit duo nulla hendrerit dolor consetetur suscipit no sit lorem sit ea no et magna sit velit. Justo voluptua aliquyam kasd vero ea. Stet consetetur est dolores eirmod invidunt ea sea tincidunt ipsum nam autem voluptua sanctus autem at. Vero et invidunt no. Rebum sea in sanctus rebum blandit zzril diam sed no no est dolores. Eleifend sed sea. Wisi sanctus amet. Consetetur nonumy kasd ipsum diam magna. Eirmod lorem no takimata vero aliquyam sit diam magna et dolor clita at stet ipsum facer ipsum. Autem vero nonumy lorem nisl dolor takimata et dolor elit amet delenit.\nAdipiscing est tempor est. Commodo facilisi et cum ea facilisis. Laoreet amet at takimata clita volutpat nisl nonummy sit takimata consetetur eirmod et at sit in dolores eos. Ut takimata diam exerci invidunt voluptua eros eros sed dolore et. Vero sed dolore rebum clita erat nonumy odio et sea ullamcorper nulla at consetetur ipsum. Dolor ipsum ea lorem est et elitr eirmod kasd dolor magna erat justo takimata ea dolor eros sit. Luptatum est delenit labore dolor sed dolore aliquyam facilisis justo ad labore et clita erat suscipit diam. Iusto labore dolore. Eos eu erat possim nonummy invidunt dolor minim kasd dolor hendrerit no ad et. Voluptua ipsum at id invidunt dolore dolor dolore duo dolore justo sed et. Tincidunt nonumy dolores diam sit amet magna sadipscing sea. Eum elitr stet tation labore et ut magna eirmod stet amet. Eum sea sit luptatum dolore et kasd takimata sea assum magna at justo. At in lorem duo diam et euismod. Dolor consetetur ut stet rebum consetetur et eirmod nonumy amet sit rebum. Nulla in sit sed lorem dolore consectetuer kasd lorem eum nonumy. Voluptua amet voluptua ea aliquam magna nisl dignissim et sanctus ipsum magna sea dolor. Invidunt lorem consetetur. Eos nonumy et et lorem ea nonumy facer duo elitr rebum dolor.\nVero magna exerci diam eos no stet et quod. Accusam sit nisl odio wisi ea amet facilisi nibh diam et amet sadipscing et. Amet elit gubergren justo vero sea voluptua est duo labore quis invidunt molestie lorem esse ullamcorper euismod rebum diam. Erat aliquyam ipsum voluptua justo luptatum at esse nonumy wisi hendrerit iriure euismod rebum. Dolor iusto ipsum dolore dolor amet et ut odio sit ullamcorper. Sea erat ipsum nulla. Et nisl facilisis assum sanctus duo labore sit praesent accumsan dolores ipsum quis et nulla ut voluptua eirmod labore. Consectetuer nulla amet rebum amet minim vero feugait aliquip gubergren sed sit takimata nam facilisis. Invidunt labore labore labore stet volutpat rebum accusam amet dolore kasd duo aliquyam sea kasd takimata accusam et laoreet. Sed ea sadipscing nulla diam at nostrud duo ut eleifend amet lorem est feugait illum. Tempor nulla ipsum kasd. Aliquyam sed aliquyam liber diam veniam sed dolor ut facilisis eum labore feugiat ea.\n","publishDate":"2021-05-11T21:03:40.1640132+00:00"},{"id":199,"title":"Book 199","description":"Eos clita aliquyam clita sit sit adipiscing. Sanctus stet in exerci vero ipsum at illum exerci ut kasd dolores rebum voluptua accusam feugiat dolore. Sit invidunt duo accusam te no rebum amet rebum justo diam adipiscing. Nibh ipsum consetetur lorem facilisis diam luptatum iriure vel possim ea sed eum lorem. At ipsum invidunt kasd aliquyam congue et stet dolor ea lorem euismod eos sed eirmod velit dolor. Minim ut justo. Dolor rebum dolor. Et justo kasd justo ea invidunt sanctus diam est dolor amet enim aliquip. Takimata ut et magna et ut ipsum. Quod ea sit rebum diam clita labore sea sit gubergren vero autem. Consequat luptatum blandit et sit magna accusam. Et facilisis lorem at diam sit. Quis enim elitr. Sit labore amet aliquip sanctus ut sea. Sadipscing vel ipsum ea diam takimata dolor.\n","pageCount":19900,"excerpt":"Facilisi consetetur dolore sadipscing eirmod consequat et accusam elitr vero. Vero amet erat eos. Takimata ea sed diam ea exerci. Kasd justo diam sanctus tincidunt consetetur aliquyam. Elitr accusam et et accusam assum elitr diam vel diam erat rebum kasd dolore. Consetetur aliquam ullamcorper ea dolore. Esse labore et magna nulla gubergren eos est dolore minim gubergren clita eos. Dolor commodo takimata. Lorem rebum et nulla sit duo augue vero diam vero labore aliquip rebum amet dolor clita justo eirmod sadipscing. Nulla eu justo kasd. Elitr et dolor nonumy nibh sadipscing gubergren stet nisl labore sit sit no luptatum. Sit amet justo amet accusam voluptua dolores et rebum.\nEa lobortis lorem sed et sit at nonumy. Dolores imperdiet volutpat et. Iriure et sadipscing facilisis nulla elit magna et no feugait amet sed ipsum nonumy nostrud accumsan. Accusam sanctus ut erat dolor rebum amet rebum est et augue takimata. Est ea et tempor erat erat feugait lorem ut lorem gubergren elitr eirmod dolore doming.\nIpsum justo ipsum kasd at elitr congue dolores. Sed voluptua ea sadipscing et nobis ipsum eirmod. Feugiat in elit gubergren diam et. Diam stet sadipscing tempor vulputate sea dolor ut euismod duo sadipscing et gubergren delenit lorem diam ipsum ut at. Diam ullamcorper et no clita sit accusam aliquyam nonumy. Dolor sed diam. Et eu est lorem. Ipsum vero no zzril vulputate lobortis voluptua duis nonumy at labore rebum erat wisi dolor iriure. Sanctus sit hendrerit elitr lorem eos sit luptatum. Et ut lorem nulla amet dolor est et lorem no at no labore tempor.\nAd sanctus nonumy consectetuer sea amet ut et aliquyam eos. Vulputate kasd ut labore duo lorem et mazim sed. Wisi stet ipsum gubergren duis dolore consetetur et praesent et ipsum sanctus ut accusam. Takimata duo lorem et labore et duis eirmod illum dolore clita dolore at euismod gubergren adipiscing nostrud dolor. Sit elitr laoreet et nulla stet elitr aliquyam minim vel et molestie ipsum rebum gubergren kasd. Et odio eros lorem justo ullamcorper. Sed esse erat justo rebum sanctus erat ut. Vero dignissim at amet dolor et sea elitr ipsum labore. Takimata dolor tincidunt et tincidunt rebum aliquyam minim elitr duo lorem et dolor. Consetetur eirmod labore. Dolores odio lorem velit lorem sed dolor. Clita vel magna quis ut erat ut vero sed magna kasd sanctus no ea exerci sanctus at.\nOdio takimata gubergren ipsum et accumsan wisi molestie ipsum diam dolor sadipscing rebum dolor aliquam. Erat duo sit et no lorem amet dolore stet voluptua kasd eirmod sit consetetur sadipscing clita kasd vero eos. Consequat eu ipsum lorem dolor iriure et duo consetetur tempor ipsum diam diam. Gubergren nam dolore nibh kasd ut duis aliquyam nonumy takimata dolore et invidunt et sit ut nobis. Et labore sit eum accusam iriure kasd esse sanctus voluptua velit voluptua facilisis dolore elitr velit. Suscipit erat feugiat amet volutpat aliquam. Euismod takimata facer et nisl. Facilisi hendrerit tempor voluptua eirmod sanctus amet aliquip ut. Dolor at sit dignissim stet sit clita. Diam dolor elitr vulputate te ut est sea eu amet. Ea sit dolores.\n","publishDate":"2021-05-10T21:03:40.1640813+00:00"},{"id":200,"title":"Book 200","description":"Ipsum sit sed ipsum augue vel sadipscing elitr. Sanctus ipsum vero est ipsum kasd et erat diam eirmod feugait consetetur et dolor illum accusam eu amet. Amet accusam et et sit qui duo et est nulla invidunt. Eirmod amet ut velit ex option dolore diam et magna ut gubergren sed nonumy. Velit tempor ullamcorper dolore labore invidunt sadipscing vero eu gubergren vero nonumy. Labore amet kasd nonumy est clita est diam.\n","pageCount":20000,"excerpt":"Ipsum hendrerit sea duo dolor et dolor kasd sit sed ipsum luptatum aliquyam volutpat diam dolor invidunt. Voluptua eirmod takimata facilisis. Sit eum tempor no erat sanctus dolores et in sanctus stet eirmod sanctus voluptua sanctus. Ut zzril est vulputate vulputate volutpat. Et consetetur ipsum dolor voluptua gubergren sit elitr dolores voluptua ut takimata vel congue takimata et. Ut takimata nonummy id. Rebum nihil exerci delenit nonumy ipsum elitr sit invidunt dolores dolor invidunt et ea option est diam iriure. Autem et kasd consetetur justo clita consetetur duo sadipscing ex diam elit tempor in. Duis sit nostrud stet labore eu amet ea. Sit esse et. Elitr vulputate sit kasd molestie at kasd accusam dolor lobortis mazim sit amet. Lorem et delenit voluptua wisi minim ullamcorper amet delenit no sed accusam facilisi. Rebum accusam tation ea ut amet sed dolor. Amet sit illum dolor sed stet et dolores amet voluptua ipsum sit stet consetetur.\nUt accusam diam elitr et labore no enim stet voluptua amet consetetur diam no amet. Dolor accusam aliquam voluptua labore et vero consequat dolores dolor et sed nulla consectetuer sit diam enim eos. Erat et no eu clita et stet vel dolore dolore dolore vulputate dolor eos est lorem sadipscing. Justo vero ipsum sanctus. Id mazim dolores esse diam option at eos ipsum. Sanctus ea voluptua labore ullamcorper tation sadipscing lorem lorem takimata eos amet nam rebum enim labore diam ut. Doming lorem consequat amet sea duo tempor amet amet nulla et sit no vero volutpat dolor labore. Luptatum enim invidunt. Ipsum vulputate et sit delenit ut invidunt et dolor accusam. Eirmod ipsum sanctus placerat sit ipsum tempor esse. Consetetur nonummy sed gubergren ea ut invidunt blandit. Sadipscing diam no duis lorem amet elitr enim kasd dignissim dolor nulla erat nisl. Dolore et est enim tincidunt accusam dolore facilisis consetetur et aliquip sed vero sit invidunt consetetur lorem. Suscipit vero consetetur laoreet et ipsum gubergren delenit. Eirmod invidunt invidunt invidunt. At facilisis commodo id labore diam erat quis. Lorem rebum voluptua volutpat esse ea ipsum vero nibh ipsum no dignissim erat sanctus est.\nEst at nonumy sadipscing clita no laoreet dolores dolore. Vel kasd sadipscing. Hendrerit ipsum amet amet dolore dolor lorem est. Vel rebum no dolore gubergren sed sit eos nulla. Luptatum invidunt eirmod odio ut dignissim sanctus laoreet zzril placerat dolores ullamcorper vel elit kasd diam. Duis kasd erat justo dolore lorem at sed stet ut. Clita nonumy invidunt at diam lorem sit in dolor doming magna sea liber vero possim rebum volutpat elitr. Gubergren et eos diam et stet enim elitr labore invidunt erat amet sanctus tempor erat gubergren voluptua est elitr. Dolore et assum invidunt clita ut accusam in amet sadipscing invidunt ut. Sit sadipscing diam nonumy dolores sit clita quod diam sed suscipit et labore no et laoreet consequat. Nonummy et feugait dolor iusto ipsum et sed. Tation et stet vero sit dolore. Feugiat sadipscing te accusam nulla lorem nulla eos nulla consetetur et rebum kasd takimata ea ea.\nNibh dolor no sadipscing odio invidunt justo diam amet magna erat vero erat est et vero magna. Et clita tempor vero gubergren invidunt te sit invidunt euismod luptatum nonummy autem sanctus nobis. Mazim et sit sit at euismod dolor tempor est erat invidunt aliquyam et iriure sadipscing esse. Invidunt amet blandit diam ipsum sed et labore takimata lorem dolore dolor vulputate at nulla kasd autem stet. Vero ea et nulla. Et dolor duis illum facilisis iusto feugait adipiscing. Liber feugait takimata dolore dolore. Erat clita sit dolore ut in sit dolores et hendrerit et sit autem consetetur ex euismod ea. Diam amet eleifend feugait eirmod hendrerit erat takimata aliquyam eum dolore molestie suscipit sed dolor.\nKasd ea nonumy dolore dolor invidunt invidunt dolore. Sea kasd diam in stet voluptua in aliquyam elitr lorem nam ex eos kasd erat sit dolore. Ut dignissim aliquyam eros ipsum vero eos nonumy delenit diam sed tempor elitr wisi aliquyam. Elit consetetur illum te et. Sed consetetur tempor gubergren dolor invidunt tempor tempor diam ea elitr consequat sit eros lorem sit clita ipsum et. Et luptatum accusam. Amet elitr ut rebum amet invidunt et ut sit erat sed invidunt in nonumy accusam diam ut clita.\n","publishDate":"2021-05-09T21:03:40.164159+00:00"}]</msg>
<status status="PASS" starttime="20211125 18:03:40.671" endtime="20211125 18:03:40.682"/>
</kw>
<kw name="Set Test Variable" library="BuiltIn">
<arg>${RESPONSE}</arg>
<doc>Makes a variable available everywhere within the scope of the current test.</doc>
<msg timestamp="20211125 18:03:40.682" level="INFO">${RESPONSE} = &lt;Response [200]&gt;</msg>
<status status="PASS" starttime="20211125 18:03:40.682" endtime="20211125 18:03:40.683"/>
</kw>
<status status="PASS" starttime="20211125 18:03:37.965" endtime="20211125 18:03:40.683"/>
</kw>
<kw name="Check if status code is 200" library="ResourceAPI">
<kw name="Status Should Be" library="RequestsLibrary">
<arg>200</arg>
<arg>${RESPONSE}</arg>
<doc>Fails if response status code is different than the expected.</doc>
<status status="PASS" starttime="20211125 18:03:40.683" endtime="20211125 18:03:40.684"/>
</kw>
<status status="PASS" starttime="20211125 18:03:40.683" endtime="20211125 18:03:40.684"/>
</kw>
<status status="PASS" starttime="20211125 18:03:37.964" endtime="20211125 18:03:40.684"/>
</test>
<doc>API Documentation https://fakerestapi.azurewebsites.net/index.html#!/Books</doc>
<status status="PASS" starttime="20211125 18:03:37.811" endtime="20211125 18:03:40.686"/>
</suite>
<statistics>
<total>
<stat pass="1" fail="0" skip="0">All Tests</stat>
</total>
<tag>
</tag>
<suite>
<stat pass="1" fail="0" skip="0" id="s1" name="TestCasesBooksAPI">TestCasesBooksAPI</stat>
</suite>
</statistics>
<errors>
</errors>
</robot>
